TN:
SF:app\+not-found.js
FN:4,NotFoundScreen
FN:13,(anonymous_1)
FNF:2
FNH:0
FNDA:0,NotFoundScreen
FNDA:0,(anonymous_1)
DA:5,0
DA:7,0
DA:13,0
DA:20,0
LF:4
LH:0
BRF:0
BRH:0
end_of_record
TN:
SF:app\_layout.js
FN:20,StackNavigator
FN:28,(anonymous_1)
FN:44,(anonymous_2)
FN:45,(anonymous_3)
FN:85,(anonymous_4)
FN:89,(anonymous_5)
FN:91,(anonymous_6)
FN:94,(anonymous_7)
FN:131,(anonymous_8)
FN:180,(anonymous_9)
FN:225,(anonymous_10)
FN:237,(anonymous_11)
FN:238,(anonymous_12)
FN:243,(anonymous_13)
FN:246,(anonymous_14)
FN:248,(anonymous_15)
FN:251,(anonymous_16)
FN:288,(anonymous_17)
FN:337,(anonymous_18)
FN:382,(anonymous_19)
FN:394,(anonymous_20)
FN:395,(anonymous_21)
FN:400,(anonymous_22)
FN:424,RootLayout
FNF:24
FNH:0
FNDA:0,StackNavigator
FNDA:0,(anonymous_1)
FNDA:0,(anonymous_2)
FNDA:0,(anonymous_3)
FNDA:0,(anonymous_4)
FNDA:0,(anonymous_5)
FNDA:0,(anonymous_6)
FNDA:0,(anonymous_7)
FNDA:0,(anonymous_8)
FNDA:0,(anonymous_9)
FNDA:0,(anonymous_10)
FNDA:0,(anonymous_11)
FNDA:0,(anonymous_12)
FNDA:0,(anonymous_13)
FNDA:0,(anonymous_14)
FNDA:0,(anonymous_15)
FNDA:0,(anonymous_16)
FNDA:0,(anonymous_17)
FNDA:0,(anonymous_18)
FNDA:0,(anonymous_19)
FNDA:0,(anonymous_20)
FNDA:0,(anonymous_21)
FNDA:0,(anonymous_22)
FNDA:0,RootLayout
DA:21,0
DA:22,0
DA:23,0
DA:24,0
DA:25,0
DA:28,0
DA:29,0
DA:31,0
DA:33,0
DA:36,0
DA:38,0
DA:40,0
DA:44,0
DA:45,0
DA:46,0
DA:47,0
DA:48,0
DA:49,0
DA:51,0
DA:54,0
DA:55,0
DA:56,0
DA:57,0
DA:58,0
DA:61,0
DA:62,0
DA:63,0
DA:66,0
DA:68,0
DA:71,0
DA:72,0
DA:73,0
DA:74,0
DA:75,0
DA:77,0
DA:78,0
DA:82,0
DA:85,0
DA:86,0
DA:89,0
DA:91,0
DA:92,0
DA:94,0
DA:97,0
DA:98,0
DA:99,0
DA:101,0
DA:102,0
DA:104,0
DA:106,0
DA:110,0
DA:114,0
DA:116,0
DA:118,0
DA:119,0
DA:121,0
DA:126,0
DA:127,0
DA:128,0
DA:131,0
DA:133,0
DA:134,0
DA:135,0
DA:138,0
DA:139,0
DA:146,0
DA:147,0
DA:148,0
DA:155,0
DA:159,0
DA:163,0
DA:180,0
DA:181,0
DA:182,0
DA:183,0
DA:184,0
DA:187,0
DA:188,0
DA:195,0
DA:196,0
DA:197,0
DA:204,0
DA:208,0
DA:211,0
DA:225,0
DA:226,0
DA:227,0
DA:228,0
DA:229,0
DA:231,0
DA:232,0
DA:237,0
DA:238,0
DA:239,0
DA:240,0
DA:243,0
DA:246,0
DA:248,0
DA:249,0
DA:251,0
DA:254,0
DA:255,0
DA:256,0
DA:258,0
DA:259,0
DA:261,0
DA:263,0
DA:267,0
DA:271,0
DA:273,0
DA:275,0
DA:276,0
DA:278,0
DA:283,0
DA:284,0
DA:285,0
DA:288,0
DA:290,0
DA:291,0
DA:292,0
DA:295,0
DA:296,0
DA:303,0
DA:304,0
DA:305,0
DA:312,0
DA:316,0
DA:320,0
DA:337,0
DA:338,0
DA:339,0
DA:340,0
DA:341,0
DA:344,0
DA:345,0
DA:352,0
DA:353,0
DA:354,0
DA:361,0
DA:365,0
DA:368,0
DA:382,0
DA:383,0
DA:384,0
DA:385,0
DA:386,0
DA:388,0
DA:389,0
DA:394,0
DA:395,0
DA:396,0
DA:397,0
DA:400,0
DA:403,0
DA:425,0
LF:155
LH:0
BRDA:48,0,0,0
BRDA:48,0,1,0
BRDA:48,1,0,0
BRDA:48,1,1,0
BRDA:54,2,0,0
BRDA:54,2,1,0
BRDA:58,3,0,0
BRDA:58,3,1,0
BRDA:61,4,0,0
BRDA:61,4,1,0
BRDA:61,5,0,0
BRDA:61,5,1,0
BRDA:73,6,0,0
BRDA:73,6,1,0
BRDA:77,7,0,0
BRDA:77,7,1,0
BRDA:98,8,0,0
BRDA:98,8,1,0
BRDA:133,9,0,0
BRDA:133,9,1,0
BRDA:135,10,0,0
BRDA:135,10,1,0
BRDA:147,11,0,0
BRDA:147,11,1,0
BRDA:167,12,0,0
BRDA:167,12,1,0
BRDA:172,13,0,0
BRDA:172,13,1,0
BRDA:182,14,0,0
BRDA:182,14,1,0
BRDA:184,15,0,0
BRDA:184,15,1,0
BRDA:196,16,0,0
BRDA:196,16,1,0
BRDA:228,17,0,0
BRDA:228,17,1,0
BRDA:231,18,0,0
BRDA:231,18,1,0
BRDA:239,19,0,0
BRDA:239,19,1,0
BRDA:255,20,0,0
BRDA:255,20,1,0
BRDA:290,21,0,0
BRDA:290,21,1,0
BRDA:292,22,0,0
BRDA:292,22,1,0
BRDA:304,23,0,0
BRDA:304,23,1,0
BRDA:324,24,0,0
BRDA:324,24,1,0
BRDA:329,25,0,0
BRDA:329,25,1,0
BRDA:339,26,0,0
BRDA:339,26,1,0
BRDA:341,27,0,0
BRDA:341,27,1,0
BRDA:353,28,0,0
BRDA:353,28,1,0
BRDA:385,29,0,0
BRDA:385,29,1,0
BRDA:388,30,0,0
BRDA:388,30,1,0
BRDA:396,31,0,0
BRDA:396,31,1,0
BRF:64
BRH:0
end_of_record
TN:
SF:app\about.js
FN:155,About
FN:158,(anonymous_1)
FN:174,(anonymous_2)
FN:192,(anonymous_3)
FN:206,(anonymous_4)
FNF:5
FNH:0
FNDA:0,About
FNDA:0,(anonymous_1)
FNDA:0,(anonymous_2)
FNDA:0,(anonymous_3)
FNDA:0,(anonymous_4)
DA:5,0
DA:156,0
DA:158,0
DA:159,0
DA:160,0
DA:161,0
DA:162,0
DA:165,0
DA:169,0
DA:174,0
DA:193,0
DA:206,0
DA:225,0
LF:13
LH:0
BRDA:161,0,0,0
BRDA:161,0,1,0
BRF:2
BRH:0
end_of_record
TN:
SF:app\alarm.js
FN:11,AlarmScreen
FN:26,(anonymous_1)
FN:29,(anonymous_2)
FN:46,(anonymous_3)
FN:53,(anonymous_4)
FN:80,(anonymous_5)
FN:102,(anonymous_6)
FN:111,(anonymous_7)
FN:125,(anonymous_8)
FN:160,(anonymous_9)
FN:196,(anonymous_10)
FN:234,(anonymous_11)
FN:241,(anonymous_12)
FN:248,(anonymous_13)
FN:256,(anonymous_14)
FN:265,(anonymous_15)
FN:278,(anonymous_16)
FN:320,(anonymous_17)
FN:340,(anonymous_18)
FN:348,(anonymous_19)
FN:364,(anonymous_20)
FN:402,(anonymous_21)
FN:425,(anonymous_22)
FN:433,(anonymous_23)
FN:450,(anonymous_24)
FN:458,(anonymous_25)
FN:470,(anonymous_26)
FN:486,(anonymous_27)
FN:502,(anonymous_28)
FN:514,(anonymous_29)
FN:522,(anonymous_30)
FNF:31
FNH:0
FNDA:0,AlarmScreen
FNDA:0,(anonymous_1)
FNDA:0,(anonymous_2)
FNDA:0,(anonymous_3)
FNDA:0,(anonymous_4)
FNDA:0,(anonymous_5)
FNDA:0,(anonymous_6)
FNDA:0,(anonymous_7)
FNDA:0,(anonymous_8)
FNDA:0,(anonymous_9)
FNDA:0,(anonymous_10)
FNDA:0,(anonymous_11)
FNDA:0,(anonymous_12)
FNDA:0,(anonymous_13)
FNDA:0,(anonymous_14)
FNDA:0,(anonymous_15)
FNDA:0,(anonymous_16)
FNDA:0,(anonymous_17)
FNDA:0,(anonymous_18)
FNDA:0,(anonymous_19)
FNDA:0,(anonymous_20)
FNDA:0,(anonymous_21)
FNDA:0,(anonymous_22)
FNDA:0,(anonymous_23)
FNDA:0,(anonymous_24)
FNDA:0,(anonymous_25)
FNDA:0,(anonymous_26)
FNDA:0,(anonymous_27)
FNDA:0,(anonymous_28)
FNDA:0,(anonymous_29)
FNDA:0,(anonymous_30)
DA:12,0
DA:13,0
DA:14,0
DA:15,0
DA:16,0
DA:17,0
DA:18,0
DA:19,0
DA:20,0
DA:21,0
DA:22,0
DA:23,0
DA:24,0
DA:26,0
DA:27,0
DA:29,0
DA:30,0
DA:31,0
DA:32,0
DA:34,0
DA:35,0
DA:37,0
DA:38,0
DA:40,0
DA:41,0
DA:46,0
DA:47,0
DA:48,0
DA:53,0
DA:54,0
DA:55,0
DA:56,0
DA:57,0
DA:58,0
DA:59,0
DA:62,0
DA:63,0
DA:64,0
DA:66,0
DA:67,0
DA:68,0
DA:69,0
DA:70,0
DA:71,0
DA:76,0
DA:77,0
DA:78,0
DA:79,0
DA:80,0
DA:81,0
DA:85,0
DA:86,0
DA:87,0
DA:88,0
DA:94,0
DA:96,0
DA:98,0
DA:102,0
DA:103,0
DA:107,0
DA:108,0
DA:109,0
DA:110,0
DA:111,0
DA:113,0
DA:114,0
DA:117,0
DA:118,0
DA:121,0
DA:125,0
DA:126,0
DA:128,0
DA:137,0
DA:138,0
DA:141,0
DA:143,0
DA:152,0
DA:155,0
DA:159,0
DA:160,0
DA:161,0
DA:163,0
DA:164,0
DA:165,0
DA:166,0
DA:168,0
DA:169,0
DA:172,0
DA:179,0
DA:184,0
DA:185,0
DA:187,0
DA:191,0
DA:192,0
DA:196,0
DA:197,0
DA:198,0
DA:199,0
DA:208,0
DA:210,0
DA:212,0
DA:213,0
DA:216,0
DA:217,0
DA:218,0
DA:219,0
DA:230,0
DA:234,0
DA:236,0
DA:237,0
DA:241,0
DA:242,0
DA:243,0
DA:248,0
DA:249,0
DA:257,0
DA:258,0
DA:259,0
DA:267,0
DA:268,0
DA:270,0
DA:278,0
DA:279,0
DA:280,0
DA:281,0
DA:284,0
DA:285,0
DA:287,0
DA:290,0
DA:291,0
DA:292,0
DA:293,0
DA:294,0
DA:298,0
DA:299,0
DA:307,0
DA:310,0
DA:311,0
DA:312,0
DA:313,0
DA:314,0
DA:317,0
DA:318,0
DA:319,0
DA:320,0
DA:321,0
DA:325,0
DA:329,0
DA:331,0
DA:333,0
DA:340,0
DA:341,0
DA:344,0
DA:347,0
DA:348,0
DA:350,0
DA:352,0
DA:353,0
DA:360,0
DA:364,0
DA:365,0
DA:366,0
DA:367,0
DA:368,0
DA:369,0
DA:371,0
DA:372,0
DA:373,0
DA:374,0
DA:375,0
DA:378,0
DA:379,0
DA:380,0
DA:383,0
DA:384,0
DA:385,0
DA:388,0
DA:389,0
DA:390,0
DA:393,0
DA:394,0
DA:395,0
DA:398,0
DA:402,0
DA:403,0
DA:405,0
DA:406,0
DA:408,0
DA:409,0
DA:410,0
DA:411,0
DA:412,0
DA:414,0
DA:415,0
DA:416,0
DA:420,0
DA:421,0
DA:425,0
DA:426,0
DA:429,0
DA:433,0
DA:434,0
DA:435,0
DA:436,0
DA:438,0
DA:439,0
DA:440,0
DA:441,0
DA:442,0
DA:444,0
DA:445,0
DA:446,0
DA:450,0
DA:451,0
DA:454,0
DA:458,0
DA:459,0
DA:460,0
DA:461,0
DA:463,0
DA:464,0
DA:465,0
DA:466,0
DA:469,0
DA:470,0
DA:471,0
DA:472,0
DA:479,0
DA:482,0
DA:483,0
DA:486,0
DA:487,0
DA:488,0
DA:493,0
DA:494,0
DA:495,0
DA:498,0
DA:502,0
DA:504,0
DA:505,0
DA:507,0
DA:508,0
DA:510,0
DA:511,0
DA:514,0
DA:515,0
DA:516,0
DA:518,0
DA:522,0
DA:523,0
DA:524,0
DA:525,0
DA:528,0
DA:529,0
DA:536,0
DA:625,0
LF:256
LH:0
BRDA:31,0,0,0
BRDA:31,0,1,0
BRDA:34,1,0,0
BRDA:34,1,1,0
BRDA:37,2,0,0
BRDA:37,2,1,0
BRDA:40,3,0,0
BRDA:40,3,1,0
BRDA:47,4,0,0
BRDA:47,4,1,0
BRDA:57,5,0,0
BRDA:57,5,1,0
BRDA:58,6,0,0
BRDA:58,6,1,0
BRDA:58,7,0,0
BRDA:58,7,1,0
BRDA:58,7,2,0
BRDA:62,8,0,0
BRDA:62,8,1,0
BRDA:66,9,0,0
BRDA:66,9,1,0
BRDA:68,10,0,0
BRDA:68,10,1,0
BRDA:78,11,0,0
BRDA:78,11,1,0
BRDA:81,12,0,0
BRDA:81,12,1,0
BRDA:81,12,2,0
BRDA:85,13,0,0
BRDA:85,13,1,0
BRDA:107,14,0,0
BRDA:107,14,1,0
BRDA:109,15,0,0
BRDA:109,15,1,0
BRDA:113,16,0,0
BRDA:113,16,1,0
BRDA:117,17,0,0
BRDA:117,17,1,0
BRDA:159,18,0,0
BRDA:159,18,1,0
BRDA:161,19,0,0
BRDA:161,19,1,0
BRDA:161,20,0,0
BRDA:161,20,1,0
BRDA:165,21,0,0
BRDA:165,21,1,0
BRDA:168,22,0,0
BRDA:168,22,1,0
BRDA:191,23,0,0
BRDA:191,23,1,0
BRDA:197,24,0,0
BRDA:197,24,1,0
BRDA:197,25,0,0
BRDA:197,25,1,0
BRDA:197,25,2,0
BRDA:216,26,0,0
BRDA:216,26,1,0
BRDA:218,27,0,0
BRDA:218,27,1,0
BRDA:236,28,0,0
BRDA:236,28,1,0
BRDA:242,29,0,0
BRDA:242,29,1,0
BRDA:267,30,0,0
BRDA:267,30,1,0
BRDA:284,31,0,0
BRDA:284,31,1,0
BRDA:285,32,0,0
BRDA:285,32,1,0
BRDA:285,33,0,0
BRDA:285,33,1,0
BRDA:285,33,2,0
BRDA:290,34,0,0
BRDA:290,34,1,0
BRDA:312,35,0,0
BRDA:312,35,1,0
BRDA:318,36,0,0
BRDA:318,36,1,0
BRDA:321,37,0,0
BRDA:321,37,1,0
BRDA:350,38,0,0
BRDA:350,38,1,0
BRDA:366,39,0,0
BRDA:366,39,1,0
BRDA:378,40,0,0
BRDA:378,40,1,0
BRDA:383,41,0,0
BRDA:383,41,1,0
BRDA:388,42,0,0
BRDA:388,42,1,0
BRDA:393,43,0,0
BRDA:393,43,1,0
BRDA:405,44,0,0
BRDA:405,44,1,0
BRDA:414,45,0,0
BRDA:414,45,1,0
BRDA:420,46,0,0
BRDA:420,46,1,0
BRDA:435,47,0,0
BRDA:435,47,1,0
BRDA:444,48,0,0
BRDA:444,48,1,0
BRDA:460,49,0,0
BRDA:460,49,1,0
BRDA:469,50,0,0
BRDA:469,50,1,0
BRDA:471,51,0,0
BRDA:471,51,1,0
BRDA:482,52,0,0
BRDA:482,52,1,0
BRDA:487,53,0,0
BRDA:487,53,1,0
BRDA:487,54,0,0
BRDA:487,54,1,0
BRDA:487,54,2,0
BRDA:493,55,0,0
BRDA:493,55,1,0
BRDA:504,56,0,0
BRDA:504,56,1,0
BRDA:507,57,0,0
BRDA:507,57,1,0
BRDA:515,58,0,0
BRDA:515,58,1,0
BRDA:528,59,0,0
BRDA:528,59,1,0
BRDA:557,60,0,0
BRDA:557,60,1,0
BRDA:563,61,0,0
BRDA:563,61,1,0
BRDA:567,62,0,0
BRDA:567,62,1,0
BRDA:567,62,2,0
BRDA:567,62,3,0
BRDA:567,62,4,0
BRDA:571,63,0,0
BRDA:571,63,1,0
BRDA:571,63,2,0
BRDA:576,64,0,0
BRDA:576,64,1,0
BRDA:580,65,0,0
BRDA:580,65,1,0
BRDA:607,66,0,0
BRDA:607,66,1,0
BRDA:612,67,0,0
BRDA:612,67,1,0
BRF:145
BRH:0
end_of_record
TN:
SF:app\anamnesis.js
FN:27,Anamnesis
FN:39,(anonymous_1)
FN:61,(anonymous_2)
FN:72,(anonymous_3)
FN:86,(anonymous_4)
FN:152,(anonymous_5)
FN:153,(anonymous_6)
FN:178,(anonymous_7)
FN:183,(anonymous_8)
FN:296,(anonymous_9)
FN:300,(anonymous_10)
FN:305,(anonymous_11)
FN:328,(anonymous_12)
FN:365,(anonymous_13)
FN:380,(anonymous_14)
FN:381,(anonymous_15)
FN:384,(anonymous_16)
FN:402,(anonymous_17)
FN:411,(anonymous_18)
FN:411,(anonymous_19)
FN:417,(anonymous_20)
FN:426,(anonymous_21)
FN:432,(anonymous_22)
FN:448,(anonymous_23)
FN:449,(anonymous_24)
FN:452,(anonymous_25)
FN:468,(anonymous_26)
FN:469,(anonymous_27)
FN:473,(anonymous_28)
FN:474,(anonymous_29)
FN:484,(anonymous_30)
FN:496,(anonymous_31)
FN:516,(anonymous_32)
FN:528,(anonymous_33)
FN:561,(anonymous_34)
FN:578,(anonymous_35)
FN:622,(anonymous_36)
FN:629,(anonymous_37)
FN:660,(anonymous_38)
FN:674,(anonymous_39)
FN:698,(anonymous_40)
FN:721,(anonymous_41)
FN:734,(anonymous_42)
FN:741,(anonymous_43)
FN:763,(anonymous_44)
FN:795,(anonymous_45)
FN:799,(anonymous_46)
FN:815,(anonymous_47)
FN:831,(anonymous_48)
FN:840,(anonymous_49)
FN:848,(anonymous_50)
FN:860,(anonymous_51)
FN:870,(anonymous_52)
FN:881,(anonymous_53)
FN:901,(anonymous_54)
FN:913,(anonymous_55)
FN:929,(anonymous_56)
FN:943,(anonymous_57)
FN:951,(anonymous_58)
FN:1003,(anonymous_59)
FN:1017,(anonymous_60)
FN:1021,(anonymous_61)
FN:1033,(anonymous_62)
FN:1039,(anonymous_63)
FN:1064,(anonymous_64)
FN:1081,(anonymous_65)
FN:1088,(anonymous_66)
FN:1113,(anonymous_67)
FN:1130,(anonymous_68)
FN:1137,(anonymous_69)
FN:1162,(anonymous_70)
FN:1179,(anonymous_71)
FN:1186,(anonymous_72)
FN:1222,(anonymous_73)
FN:1238,(anonymous_74)
FN:1256,(anonymous_75)
FN:1276,(anonymous_76)
FN:1280,(anonymous_77)
FN:1296,(anonymous_78)
FN:1315,(anonymous_79)
FN:1323,(anonymous_80)
FN:1327,(anonymous_81)
FN:1345,(anonymous_82)
FN:1367,(anonymous_83)
FN:1372,(anonymous_84)
FN:1384,(anonymous_85)
FN:1406,(anonymous_86)
FN:1417,(anonymous_87)
FN:1452,(anonymous_88)
FNF:89
FNH:0
FNDA:0,Anamnesis
FNDA:0,(anonymous_1)
FNDA:0,(anonymous_2)
FNDA:0,(anonymous_3)
FNDA:0,(anonymous_4)
FNDA:0,(anonymous_5)
FNDA:0,(anonymous_6)
FNDA:0,(anonymous_7)
FNDA:0,(anonymous_8)
FNDA:0,(anonymous_9)
FNDA:0,(anonymous_10)
FNDA:0,(anonymous_11)
FNDA:0,(anonymous_12)
FNDA:0,(anonymous_13)
FNDA:0,(anonymous_14)
FNDA:0,(anonymous_15)
FNDA:0,(anonymous_16)
FNDA:0,(anonymous_17)
FNDA:0,(anonymous_18)
FNDA:0,(anonymous_19)
FNDA:0,(anonymous_20)
FNDA:0,(anonymous_21)
FNDA:0,(anonymous_22)
FNDA:0,(anonymous_23)
FNDA:0,(anonymous_24)
FNDA:0,(anonymous_25)
FNDA:0,(anonymous_26)
FNDA:0,(anonymous_27)
FNDA:0,(anonymous_28)
FNDA:0,(anonymous_29)
FNDA:0,(anonymous_30)
FNDA:0,(anonymous_31)
FNDA:0,(anonymous_32)
FNDA:0,(anonymous_33)
FNDA:0,(anonymous_34)
FNDA:0,(anonymous_35)
FNDA:0,(anonymous_36)
FNDA:0,(anonymous_37)
FNDA:0,(anonymous_38)
FNDA:0,(anonymous_39)
FNDA:0,(anonymous_40)
FNDA:0,(anonymous_41)
FNDA:0,(anonymous_42)
FNDA:0,(anonymous_43)
FNDA:0,(anonymous_44)
FNDA:0,(anonymous_45)
FNDA:0,(anonymous_46)
FNDA:0,(anonymous_47)
FNDA:0,(anonymous_48)
FNDA:0,(anonymous_49)
FNDA:0,(anonymous_50)
FNDA:0,(anonymous_51)
FNDA:0,(anonymous_52)
FNDA:0,(anonymous_53)
FNDA:0,(anonymous_54)
FNDA:0,(anonymous_55)
FNDA:0,(anonymous_56)
FNDA:0,(anonymous_57)
FNDA:0,(anonymous_58)
FNDA:0,(anonymous_59)
FNDA:0,(anonymous_60)
FNDA:0,(anonymous_61)
FNDA:0,(anonymous_62)
FNDA:0,(anonymous_63)
FNDA:0,(anonymous_64)
FNDA:0,(anonymous_65)
FNDA:0,(anonymous_66)
FNDA:0,(anonymous_67)
FNDA:0,(anonymous_68)
FNDA:0,(anonymous_69)
FNDA:0,(anonymous_70)
FNDA:0,(anonymous_71)
FNDA:0,(anonymous_72)
FNDA:0,(anonymous_73)
FNDA:0,(anonymous_74)
FNDA:0,(anonymous_75)
FNDA:0,(anonymous_76)
FNDA:0,(anonymous_77)
FNDA:0,(anonymous_78)
FNDA:0,(anonymous_79)
FNDA:0,(anonymous_80)
FNDA:0,(anonymous_81)
FNDA:0,(anonymous_82)
FNDA:0,(anonymous_83)
FNDA:0,(anonymous_84)
FNDA:0,(anonymous_85)
FNDA:0,(anonymous_86)
FNDA:0,(anonymous_87)
FNDA:0,(anonymous_88)
DA:11,0
DA:13,0
DA:28,0
DA:29,0
DA:31,0
DA:32,0
DA:33,0
DA:34,0
DA:35,0
DA:36,0
DA:39,0
DA:40,0
DA:41,0
DA:42,0
DA:43,0
DA:45,0
DA:47,0
DA:48,0
DA:49,0
DA:50,0
DA:52,0
DA:54,0
DA:55,0
DA:59,0
DA:61,0
DA:62,0
DA:63,0
DA:64,0
DA:65,0
DA:66,0
DA:67,0
DA:68,0
DA:72,0
DA:73,0
DA:74,0
DA:76,0
DA:77,0
DA:79,0
DA:81,0
DA:86,0
DA:87,0
DA:88,0
DA:89,0
DA:90,0
DA:92,0
DA:93,0
DA:94,0
DA:95,0
DA:97,0
DA:100,0
DA:102,0
DA:103,0
DA:105,0
DA:107,0
DA:108,0
DA:109,0
DA:110,0
DA:112,0
DA:113,0
DA:114,0
DA:116,0
DA:117,0
DA:118,0
DA:120,0
DA:121,0
DA:123,0
DA:134,0
DA:135,0
DA:138,0
DA:152,0
DA:153,0
DA:160,0
DA:165,0
DA:166,0
DA:169,0
DA:170,0
DA:171,0
DA:173,0
DA:174,0
DA:175,0
DA:177,0
DA:179,0
DA:183,0
DA:184,0
DA:185,0
DA:186,0
DA:188,0
DA:189,0
DA:191,0
DA:192,0
DA:194,0
DA:195,0
DA:197,0
DA:198,0
DA:199,0
DA:201,0
DA:202,0
DA:203,0
DA:204,0
DA:206,0
DA:207,0
DA:208,0
DA:211,0
DA:212,0
DA:213,0
DA:215,0
DA:217,0
DA:218,0
DA:219,0
DA:220,0
DA:221,0
DA:224,0
DA:225,0
DA:228,0
DA:229,0
DA:230,0
DA:231,0
DA:232,0
DA:233,0
DA:234,0
DA:235,0
DA:236,0
DA:237,0
DA:238,0
DA:239,0
DA:240,0
DA:259,0
DA:262,0
DA:263,0
DA:264,0
DA:265,0
DA:266,0
DA:267,0
DA:268,0
DA:269,0
DA:270,0
DA:271,0
DA:272,0
DA:273,0
DA:274,0
DA:275,0
DA:285,0
DA:289,0
DA:290,0
DA:291,0
DA:292,0
DA:293,0
DA:296,0
DA:297,0
DA:298,0
DA:299,0
DA:300,0
DA:304,0
DA:305,0
DA:306,0
DA:307,0
DA:311,0
DA:314,0
DA:315,0
DA:318,0
DA:320,0
DA:321,0
DA:324,0
DA:328,0
DA:329,0
DA:330,0
DA:331,0
DA:351,0
DA:352,0
DA:353,0
DA:354,0
DA:357,0
DA:358,0
DA:359,0
DA:360,0
DA:365,0
DA:366,0
DA:367,0
DA:368,0
DA:371,0
DA:372,0
DA:373,0
DA:376,0
DA:377,0
DA:380,0
DA:381,0
DA:384,0
DA:385,0
DA:386,0
DA:387,0
DA:390,0
DA:397,0
DA:398,0
DA:399,0
DA:402,0
DA:403,0
DA:411,0
DA:417,0
DA:418,0
DA:420,0
DA:422,0
DA:425,0
DA:426,0
DA:428,0
DA:432,0
DA:433,0
DA:434,0
DA:435,0
DA:438,0
DA:439,0
DA:440,0
DA:443,0
DA:444,0
DA:445,0
DA:448,0
DA:449,0
DA:452,0
DA:453,0
DA:454,0
DA:455,0
DA:458,0
DA:459,0
DA:460,0
DA:463,0
DA:464,0
DA:465,0
DA:468,0
DA:469,0
DA:473,0
DA:474,0
DA:475,0
DA:476,0
DA:477,0
DA:478,0
DA:480,0
DA:484,0
DA:485,0
DA:486,0
DA:487,0
DA:492,0
DA:496,0
DA:497,0
DA:498,0
DA:501,0
DA:516,0
DA:528,0
DA:561,0
DA:580,0
DA:581,0
DA:583,0
DA:585,0
DA:586,0
DA:587,0
DA:590,0
DA:591,0
DA:592,0
DA:596,0
DA:597,0
DA:598,0
DA:599,0
DA:600,0
DA:601,0
DA:602,0
DA:604,0
DA:605,0
DA:623,0
DA:630,0
DA:632,0
DA:633,0
DA:634,0
DA:636,0
DA:660,0
DA:674,0
DA:698,0
DA:721,0
DA:735,0
DA:741,0
DA:763,0
DA:796,0
DA:799,0
DA:815,0
DA:831,0
DA:840,0
DA:848,0
DA:861,0
DA:862,0
DA:863,0
DA:870,0
DA:882,0
DA:883,0
DA:902,0
DA:913,0
DA:929,0
DA:944,0
DA:951,0
DA:1004,0
DA:1005,0
DA:1018,0
DA:1021,0
DA:1034,0
DA:1040,0
DA:1065,0
DA:1066,0
DA:1067,0
DA:1082,0
DA:1089,0
DA:1090,0
DA:1114,0
DA:1115,0
DA:1116,0
DA:1131,0
DA:1138,0
DA:1139,0
DA:1163,0
DA:1164,0
DA:1165,0
DA:1180,0
DA:1187,0
DA:1188,0
DA:1222,0
DA:1238,0
DA:1257,0
DA:1258,0
DA:1277,0
DA:1280,0
DA:1296,0
DA:1315,0
DA:1324,0
DA:1327,0
DA:1345,0
DA:1368,0
DA:1372,0
DA:1385,0
DA:1386,0
DA:1396,0
DA:1406,0
DA:1417,0
DA:1453,0
DA:1454,0
DA:1478,0
LF:340
LH:0
BRDA:40,0,0,0
BRDA:40,0,1,0
BRDA:45,1,0,0
BRDA:45,1,1,0
BRDA:49,2,0,0
BRDA:49,2,1,0
BRDA:49,3,0,0
BRDA:49,3,1,0
BRDA:49,3,2,0
BRDA:52,4,0,0
BRDA:52,4,1,0
BRDA:59,5,0,0
BRDA:59,5,1,0
BRDA:62,6,0,0
BRDA:62,6,1,0
BRDA:64,7,0,0
BRDA:64,7,1,0
BRDA:73,8,0,0
BRDA:73,8,1,0
BRDA:73,9,0,0
BRDA:73,9,1,0
BRDA:76,10,0,0
BRDA:76,10,1,0
BRDA:76,11,0,0
BRDA:76,11,1,0
BRDA:79,12,0,0
BRDA:79,12,1,0
BRDA:79,13,0,0
BRDA:79,13,1,0
BRDA:88,14,0,0
BRDA:88,14,1,0
BRDA:93,15,0,0
BRDA:93,15,1,0
BRDA:188,16,0,0
BRDA:188,16,1,0
BRDA:191,17,0,0
BRDA:191,17,1,0
BRDA:195,18,0,0
BRDA:195,18,1,0
BRDA:215,19,0,0
BRDA:215,19,1,0
BRDA:218,20,0,0
BRDA:218,20,1,0
BRDA:228,21,0,0
BRDA:228,21,1,0
BRDA:229,22,0,0
BRDA:229,22,1,0
BRDA:230,23,0,0
BRDA:230,23,1,0
BRDA:231,24,0,0
BRDA:231,24,1,0
BRDA:232,25,0,0
BRDA:232,25,1,0
BRDA:233,26,0,0
BRDA:233,26,1,0
BRDA:234,27,0,0
BRDA:234,27,1,0
BRDA:235,28,0,0
BRDA:235,28,1,0
BRDA:236,29,0,0
BRDA:236,29,1,0
BRDA:237,30,0,0
BRDA:237,30,1,0
BRDA:238,31,0,0
BRDA:238,31,1,0
BRDA:239,32,0,0
BRDA:239,32,1,0
BRDA:240,33,0,0
BRDA:240,33,1,0
BRDA:240,34,0,0
BRDA:240,34,1,0
BRDA:241,35,0,0
BRDA:241,35,1,0
BRDA:242,36,0,0
BRDA:242,36,1,0
BRDA:243,37,0,0
BRDA:243,37,1,0
BRDA:244,38,0,0
BRDA:244,38,1,0
BRDA:245,39,0,0
BRDA:245,39,1,0
BRDA:246,40,0,0
BRDA:246,40,1,0
BRDA:247,41,0,0
BRDA:247,41,1,0
BRDA:248,42,0,0
BRDA:248,42,1,0
BRDA:259,43,0,0
BRDA:259,43,1,0
BRDA:291,44,0,0
BRDA:291,44,1,0
BRDA:297,45,0,0
BRDA:297,45,1,0
BRDA:298,46,0,0
BRDA:298,46,1,0
BRDA:299,47,0,0
BRDA:299,47,1,0
BRDA:306,48,0,0
BRDA:306,48,1,0
BRDA:332,49,0,0
BRDA:332,49,1,0
BRDA:333,50,0,0
BRDA:333,50,1,0
BRDA:333,51,0,0
BRDA:333,51,1,0
BRDA:335,52,0,0
BRDA:335,52,1,0
BRDA:353,53,0,0
BRDA:353,53,1,0
BRDA:359,54,0,0
BRDA:359,54,1,0
BRDA:366,55,0,0
BRDA:366,55,1,0
BRDA:371,56,0,0
BRDA:371,56,1,0
BRDA:385,57,0,0
BRDA:385,57,1,0
BRDA:418,58,0,0
BRDA:418,58,1,0
BRDA:425,59,0,0
BRDA:425,59,1,0
BRDA:433,60,0,0
BRDA:433,60,1,0
BRDA:438,61,0,0
BRDA:438,61,1,0
BRDA:453,62,0,0
BRDA:453,62,1,0
BRDA:458,63,0,0
BRDA:458,63,1,0
BRDA:475,64,0,0
BRDA:475,64,1,0
BRDA:476,65,0,0
BRDA:476,65,1,0
BRDA:477,66,0,0
BRDA:477,66,1,0
BRDA:478,67,0,0
BRDA:478,67,1,0
BRDA:486,68,0,0
BRDA:486,68,1,0
BRDA:504,69,0,0
BRDA:504,69,1,0
BRDA:505,70,0,0
BRDA:505,70,1,0
BRDA:532,71,0,0
BRDA:532,71,1,0
BRDA:539,72,0,0
BRDA:539,72,1,0
BRDA:539,73,0,0
BRDA:539,73,1,0
BRDA:543,74,0,0
BRDA:543,74,1,0
BRDA:565,75,0,0
BRDA:565,75,1,0
BRDA:565,76,0,0
BRDA:565,76,1,0
BRDA:567,77,0,0
BRDA:567,77,1,0
BRDA:572,78,0,0
BRDA:572,78,1,0
BRDA:574,79,0,0
BRDA:574,79,1,0
BRDA:576,80,0,0
BRDA:576,80,1,0
BRDA:580,81,0,0
BRDA:580,81,1,0
BRDA:583,82,0,0
BRDA:583,82,1,0
BRDA:583,83,0,0
BRDA:583,83,1,0
BRDA:596,84,0,0
BRDA:596,84,1,0
BRDA:604,85,0,0
BRDA:604,85,1,0
BRDA:613,86,0,0
BRDA:613,86,1,0
BRDA:613,86,2,0
BRDA:615,87,0,0
BRDA:615,87,1,0
BRDA:627,88,0,0
BRDA:627,88,1,0
BRDA:632,89,0,0
BRDA:632,89,1,0
BRDA:632,90,0,0
BRDA:632,90,1,0
BRDA:634,91,0,0
BRDA:634,91,1,0
BRDA:642,92,0,0
BRDA:642,92,1,0
BRDA:651,93,0,0
BRDA:651,93,1,0
BRDA:651,93,2,0
BRDA:658,94,0,0
BRDA:658,94,1,0
BRDA:664,95,0,0
BRDA:664,95,1,0
BRDA:672,96,0,0
BRDA:672,96,1,0
BRDA:678,97,0,0
BRDA:678,97,1,0
BRDA:687,98,0,0
BRDA:687,98,1,0
BRDA:687,98,2,0
BRDA:690,99,0,0
BRDA:690,99,1,0
BRDA:692,100,0,0
BRDA:692,100,1,0
BRDA:695,101,0,0
BRDA:695,101,1,0
BRDA:697,102,0,0
BRDA:697,102,1,0
BRDA:698,103,0,0
BRDA:698,103,1,0
BRDA:705,104,0,0
BRDA:705,104,1,0
BRDA:708,105,0,0
BRDA:708,105,1,0
BRDA:708,106,0,0
BRDA:708,106,1,0
BRDA:708,107,0,0
BRDA:708,107,1,0
BRDA:708,108,0,0
BRDA:708,108,1,0
BRDA:708,109,0,0
BRDA:708,109,1,0
BRDA:709,110,0,0
BRDA:709,110,1,0
BRDA:709,110,2,0
BRDA:710,111,0,0
BRDA:710,111,1,0
BRDA:725,112,0,0
BRDA:725,112,1,0
BRDA:732,113,0,0
BRDA:732,113,1,0
BRDA:732,114,0,0
BRDA:732,114,1,0
BRDA:739,115,0,0
BRDA:739,115,1,0
BRDA:745,116,0,0
BRDA:745,116,1,0
BRDA:752,117,0,0
BRDA:752,117,1,0
BRDA:754,118,0,0
BRDA:754,118,1,0
BRDA:767,119,0,0
BRDA:767,119,1,0
BRDA:774,120,0,0
BRDA:774,120,1,0
BRDA:774,120,2,0
BRDA:793,121,0,0
BRDA:793,121,1,0
BRDA:793,122,0,0
BRDA:793,122,1,0
BRDA:798,123,0,0
BRDA:798,123,1,0
BRDA:806,124,0,0
BRDA:806,124,1,0
BRDA:819,125,0,0
BRDA:819,125,1,0
BRDA:826,126,0,0
BRDA:826,126,1,0
BRDA:826,126,2,0
BRDA:828,127,0,0
BRDA:828,127,1,0
BRDA:855,128,0,0
BRDA:855,128,1,0
BRDA:859,129,0,0
BRDA:859,129,1,0
BRDA:862,130,0,0
BRDA:862,130,1,0
BRDA:899,131,0,0
BRDA:899,131,1,0
BRDA:899,132,0,0
BRDA:899,132,1,0
BRDA:908,133,0,0
BRDA:908,133,1,0
BRDA:912,134,0,0
BRDA:912,134,1,0
BRDA:920,135,0,0
BRDA:920,135,1,0
BRDA:933,136,0,0
BRDA:933,136,1,0
BRDA:940,137,0,0
BRDA:940,137,1,0
BRDA:940,138,0,0
BRDA:940,138,1,0
BRDA:948,139,0,0
BRDA:948,139,1,0
BRDA:948,139,2,0
BRDA:949,140,0,0
BRDA:949,140,1,0
BRDA:949,140,2,0
BRDA:955,141,0,0
BRDA:955,141,1,0
BRDA:955,142,0,0
BRDA:955,142,1,0
BRDA:955,142,2,0
BRDA:955,142,3,0
BRDA:962,143,0,0
BRDA:962,143,1,0
BRDA:962,144,0,0
BRDA:962,144,1,0
BRDA:962,144,2,0
BRDA:962,144,3,0
BRDA:970,145,0,0
BRDA:970,145,1,0
BRDA:970,146,0,0
BRDA:970,146,1,0
BRDA:970,146,2,0
BRDA:970,146,3,0
BRDA:982,147,0,0
BRDA:982,147,1,0
BRDA:1014,148,0,0
BRDA:1014,148,1,0
BRDA:1031,149,0,0
BRDA:1031,149,1,0
BRDA:1031,150,0,0
BRDA:1031,150,1,0
BRDA:1056,151,0,0
BRDA:1056,151,1,0
BRDA:1071,152,0,0
BRDA:1071,152,1,0
BRDA:1074,153,0,0
BRDA:1074,153,1,0
BRDA:1079,154,0,0
BRDA:1079,154,1,0
BRDA:1086,155,0,0
BRDA:1086,155,1,0
BRDA:1095,156,0,0
BRDA:1095,156,1,0
BRDA:1099,157,0,0
BRDA:1099,157,1,0
BRDA:1120,158,0,0
BRDA:1120,158,1,0
BRDA:1123,159,0,0
BRDA:1123,159,1,0
BRDA:1128,160,0,0
BRDA:1128,160,1,0
BRDA:1135,161,0,0
BRDA:1135,161,1,0
BRDA:1144,162,0,0
BRDA:1144,162,1,0
BRDA:1148,163,0,0
BRDA:1148,163,1,0
BRDA:1169,164,0,0
BRDA:1169,164,1,0
BRDA:1172,165,0,0
BRDA:1172,165,1,0
BRDA:1177,166,0,0
BRDA:1177,166,1,0
BRDA:1184,167,0,0
BRDA:1184,167,1,0
BRDA:1193,168,0,0
BRDA:1193,168,1,0
BRDA:1197,169,0,0
BRDA:1197,169,1,0
BRDA:1207,170,0,0
BRDA:1207,170,1,0
BRDA:1210,171,0,0
BRDA:1210,171,1,0
BRDA:1211,172,0,0
BRDA:1211,172,1,0
BRDA:1212,173,0,0
BRDA:1212,173,1,0
BRDA:1226,174,0,0
BRDA:1226,174,1,0
BRDA:1233,175,0,0
BRDA:1233,175,1,0
BRDA:1233,175,2,0
BRDA:1235,176,0,0
BRDA:1235,176,1,0
BRDA:1274,177,0,0
BRDA:1274,177,1,0
BRDA:1274,178,0,0
BRDA:1274,178,1,0
BRDA:1279,179,0,0
BRDA:1279,179,1,0
BRDA:1287,180,0,0
BRDA:1287,180,1,0
BRDA:1300,181,0,0
BRDA:1300,181,1,0
BRDA:1307,182,0,0
BRDA:1307,182,1,0
BRDA:1312,183,0,0
BRDA:1312,183,1,0
BRDA:1321,184,0,0
BRDA:1321,184,1,0
BRDA:1349,185,0,0
BRDA:1349,185,1,0
BRDA:1356,186,0,0
BRDA:1356,186,1,0
BRDA:1356,187,0,0
BRDA:1356,187,1,0
BRDA:1382,188,0,0
BRDA:1382,188,1,0
BRDA:1385,189,0,0
BRDA:1385,189,1,0
BRDA:1406,190,0,0
BRDA:1406,190,1,0
BRDA:1421,191,0,0
BRDA:1421,191,1,0
BRDA:1428,192,0,0
BRDA:1428,192,1,0
BRDA:1428,193,0,0
BRDA:1428,193,1,0
BRDA:1439,194,0,0
BRDA:1439,194,1,0
BRDA:1442,195,0,0
BRDA:1442,195,1,0
BRDA:1448,196,0,0
BRDA:1448,196,1,0
BRDA:1467,197,0,0
BRDA:1467,197,1,0
BRF:412
BRH:0
end_of_record
TN:
SF:app\biometric-devices.js
FN:7,(anonymous_0)
FN:16,BiometricDevices
FN:21,(anonymous_2)
FN:25,(anonymous_3)
FN:39,(anonymous_4)
FN:44,(anonymous_5)
FN:53,(anonymous_6)
FN:83,(anonymous_7)
FN:96,(anonymous_8)
FNF:9
FNH:0
FNDA:0,(anonymous_0)
FNDA:0,BiometricDevices
FNDA:0,(anonymous_2)
FNDA:0,(anonymous_3)
FNDA:0,(anonymous_4)
FNDA:0,(anonymous_5)
FNDA:0,(anonymous_6)
FNDA:0,(anonymous_7)
FNDA:0,(anonymous_8)
DA:7,0
DA:8,0
DA:9,0
DA:10,0
DA:12,0
DA:17,0
DA:18,0
DA:19,0
DA:21,0
DA:22,0
DA:25,0
DA:26,0
DA:27,0
DA:28,0
DA:29,0
DA:31,0
DA:32,0
DA:34,0
DA:38,0
DA:40,0
DA:44,0
DA:45,0
DA:54,0
DA:55,0
DA:56,0
DA:58,0
DA:59,0
DA:67,0
DA:84,0
DA:85,0
DA:96,0
DA:110,0
LF:32
LH:0
BRDA:8,0,0,0
BRDA:8,0,1,0
BRDA:29,1,0,0
BRDA:29,1,1,0
BRDA:31,2,0,0
BRDA:31,2,1,0
BRDA:58,3,0,0
BRDA:58,3,1,0
BRDA:74,4,0,0
BRDA:74,4,1,0
BRDA:78,5,0,0
BRDA:78,5,1,0
BRDA:84,6,0,0
BRDA:84,6,1,0
BRDA:88,7,0,0
BRDA:88,7,1,0
BRDA:89,8,0,0
BRDA:89,8,1,0
BRDA:93,9,0,0
BRDA:93,9,1,0
BRF:20
BRH:0
end_of_record
TN:
SF:app\daily-tracking.js
FN:42,DailyTracking
FN:59,(anonymous_1)
FN:64,(anonymous_2)
FN:83,(anonymous_3)
FN:88,(anonymous_4)
FN:103,(anonymous_5)
FN:122,(anonymous_6)
FN:140,(anonymous_7)
FN:157,(anonymous_8)
FN:162,(anonymous_9)
FN:167,(anonymous_10)
FN:172,(anonymous_11)
FN:177,(anonymous_12)
FN:204,(anonymous_13)
FN:226,(anonymous_14)
FN:235,(anonymous_15)
FN:250,(anonymous_16)
FN:283,(anonymous_17)
FN:288,(anonymous_18)
FN:310,(anonymous_19)
FN:320,(anonymous_20)
FNF:21
FNH:0
FNDA:0,DailyTracking
FNDA:0,(anonymous_1)
FNDA:0,(anonymous_2)
FNDA:0,(anonymous_3)
FNDA:0,(anonymous_4)
FNDA:0,(anonymous_5)
FNDA:0,(anonymous_6)
FNDA:0,(anonymous_7)
FNDA:0,(anonymous_8)
FNDA:0,(anonymous_9)
FNDA:0,(anonymous_10)
FNDA:0,(anonymous_11)
FNDA:0,(anonymous_12)
FNDA:0,(anonymous_13)
FNDA:0,(anonymous_14)
FNDA:0,(anonymous_15)
FNDA:0,(anonymous_16)
FNDA:0,(anonymous_17)
FNDA:0,(anonymous_18)
FNDA:0,(anonymous_19)
FNDA:0,(anonymous_20)
DA:9,0
DA:20,0
DA:31,0
DA:43,0
DA:44,0
DA:45,0
DA:46,0
DA:55,0
DA:56,0
DA:57,0
DA:59,0
DA:60,0
DA:61,0
DA:62,0
DA:64,0
DA:65,0
DA:72,0
DA:74,0
DA:75,0
DA:76,0
DA:78,0
DA:82,0
DA:84,0
DA:88,0
DA:89,0
DA:90,0
DA:91,0
DA:94,0
DA:95,0
DA:104,0
DA:105,0
DA:106,0
DA:107,0
DA:108,0
DA:110,0
DA:113,0
DA:114,0
DA:122,0
DA:123,0
DA:124,0
DA:125,0
DA:126,0
DA:127,0
DA:135,0
DA:136,0
DA:140,0
DA:142,0
DA:143,0
DA:144,0
DA:147,0
DA:148,0
DA:149,0
DA:150,0
DA:151,0
DA:152,0
DA:154,0
DA:158,0
DA:159,0
DA:163,0
DA:168,0
DA:169,0
DA:173,0
DA:174,0
DA:177,0
DA:204,0
DA:205,0
DA:206,0
DA:207,0
DA:208,0
DA:211,0
DA:212,0
DA:213,0
DA:214,0
DA:217,0
DA:227,0
DA:228,0
DA:236,0
DA:237,0
DA:238,0
DA:239,0
DA:241,0
DA:251,0
DA:252,0
DA:275,0
DA:276,0
DA:280,0
DA:283,0
DA:288,0
DA:310,0
DA:321,0
DA:322,0
DA:324,0
DA:343,0
LF:93
LH:0
BRDA:46,0,0,0
BRDA:46,0,1,0
BRDA:64,1,0,0
BRDA:64,1,1,0
BRDA:65,2,0,0
BRDA:65,2,1,0
BRDA:65,2,2,0
BRDA:65,2,3,0
BRDA:65,2,4,0
BRDA:65,2,5,0
BRDA:89,3,0,0
BRDA:89,3,1,0
BRDA:89,4,0,0
BRDA:89,4,1,0
BRDA:94,5,0,0
BRDA:94,5,1,0
BRDA:106,6,0,0
BRDA:106,6,1,0
BRDA:110,7,0,0
BRDA:110,7,1,0
BRDA:124,8,0,0
BRDA:124,8,1,0
BRDA:126,9,0,0
BRDA:126,9,1,0
BRDA:142,10,0,0
BRDA:142,10,1,0
BRDA:142,11,0,0
BRDA:142,11,1,0
BRDA:147,12,0,0
BRDA:147,12,1,0
BRDA:148,13,0,0
BRDA:148,13,1,0
BRDA:149,14,0,0
BRDA:149,14,1,0
BRDA:150,15,0,0
BRDA:150,15,1,0
BRDA:151,16,0,0
BRDA:151,16,1,0
BRDA:152,17,0,0
BRDA:152,17,1,0
BRDA:158,18,0,0
BRDA:158,18,1,0
BRDA:168,19,0,0
BRDA:168,19,1,0
BRDA:173,20,0,0
BRDA:173,20,1,0
BRDA:195,21,0,0
BRDA:195,21,1,0
BRDA:206,22,0,0
BRDA:206,22,1,0
BRDA:212,23,0,0
BRDA:212,23,1,0
BRDA:212,24,0,0
BRDA:212,24,1,0
BRDA:225,25,0,0
BRDA:225,25,1,0
BRDA:225,26,0,0
BRDA:225,26,1,0
BRDA:231,27,0,0
BRDA:231,27,1,0
BRDA:236,28,0,0
BRDA:236,28,1,0
BRDA:237,29,0,0
BRDA:237,29,1,0
BRDA:238,30,0,0
BRDA:238,30,1,0
BRDA:239,31,0,0
BRDA:239,31,1,0
BRDA:247,32,0,0
BRDA:247,32,1,0
BRDA:248,33,0,0
BRDA:248,33,1,0
BRDA:258,34,0,0
BRDA:258,34,1,0
BRDA:258,35,0,0
BRDA:258,35,1,0
BRDA:264,36,0,0
BRDA:264,36,1,0
BRDA:265,37,0,0
BRDA:265,37,1,0
BRDA:297,38,0,0
BRDA:297,38,1,0
BRDA:301,39,0,0
BRDA:301,39,1,0
BRDA:301,40,0,0
BRDA:301,40,1,0
BRDA:321,41,0,0
BRDA:321,41,1,0
BRDA:321,42,0,0
BRDA:321,42,1,0
BRF:90
BRH:0
end_of_record
TN:
SF:app\doctor-visits.js
FN:10,DoctorVisits
FN:17,(anonymous_1)
FN:23,(anonymous_2)
FN:32,(anonymous_3)
FN:42,(anonymous_4)
FN:47,(anonymous_5)
FN:60,(anonymous_6)
FN:75,(anonymous_7)
FN:84,(anonymous_8)
FN:105,(anonymous_9)
FN:122,(anonymous_10)
FN:130,(anonymous_11)
FNF:12
FNH:0
FNDA:0,DoctorVisits
FNDA:0,(anonymous_1)
FNDA:0,(anonymous_2)
FNDA:0,(anonymous_3)
FNDA:0,(anonymous_4)
FNDA:0,(anonymous_5)
FNDA:0,(anonymous_6)
FNDA:0,(anonymous_7)
FNDA:0,(anonymous_8)
FNDA:0,(anonymous_9)
FNDA:0,(anonymous_10)
FNDA:0,(anonymous_11)
DA:11,0
DA:12,0
DA:13,0
DA:14,0
DA:16,0
DA:18,0
DA:23,0
DA:24,0
DA:25,0
DA:32,0
DA:33,0
DA:43,0
DA:45,0
DA:47,0
DA:48,0
DA:49,0
DA:51,0
DA:52,0
DA:60,0
DA:61,0
DA:75,0
DA:84,0
DA:100,0
DA:105,0
DA:122,0
DA:130,0
DA:140,0
LF:27
LH:0
BRDA:91,0,0,0
BRDA:91,0,1,0
BRDA:112,1,0,0
BRDA:112,1,1,0
BRF:4
BRH:0
end_of_record
TN:
SF:app\emergency-contacts.js
FN:11,EmergencyContacts
FN:19,(anonymous_1)
FN:44,(anonymous_2)
FN:50,(anonymous_3)
FN:58,(anonymous_4)
FN:62,(anonymous_5)
FN:74,(anonymous_6)
FN:88,(anonymous_7)
FN:93,(anonymous_8)
FN:98,(anonymous_9)
FN:103,(anonymous_10)
FN:113,(anonymous_11)
FN:115,(anonymous_12)
FN:128,(anonymous_13)
FN:149,(anonymous_14)
FN:158,(anonymous_15)
FN:167,(anonymous_16)
FN:174,(anonymous_17)
FN:191,(anonymous_18)
FN:209,(anonymous_19)
FN:218,(anonymous_20)
FN:234,(anonymous_21)
FN:264,(anonymous_22)
FNF:23
FNH:0
FNDA:0,EmergencyContacts
FNDA:0,(anonymous_1)
FNDA:0,(anonymous_2)
FNDA:0,(anonymous_3)
FNDA:0,(anonymous_4)
FNDA:0,(anonymous_5)
FNDA:0,(anonymous_6)
FNDA:0,(anonymous_7)
FNDA:0,(anonymous_8)
FNDA:0,(anonymous_9)
FNDA:0,(anonymous_10)
FNDA:0,(anonymous_11)
FNDA:0,(anonymous_12)
FNDA:0,(anonymous_13)
FNDA:0,(anonymous_14)
FNDA:0,(anonymous_15)
FNDA:0,(anonymous_16)
FNDA:0,(anonymous_17)
FNDA:0,(anonymous_18)
FNDA:0,(anonymous_19)
FNDA:0,(anonymous_20)
FNDA:0,(anonymous_21)
FNDA:0,(anonymous_22)
DA:12,0
DA:13,0
DA:14,0
DA:15,0
DA:16,0
DA:17,0
DA:19,0
DA:20,0
DA:22,0
DA:24,0
DA:25,0
DA:26,0
DA:28,0
DA:30,0
DA:33,0
DA:35,0
DA:38,0
DA:39,0
DA:43,0
DA:45,0
DA:50,0
DA:52,0
DA:54,0
DA:58,0
DA:59,0
DA:62,0
DA:63,0
DA:65,0
DA:66,0
DA:68,0
DA:69,0
DA:70,0
DA:74,0
DA:75,0
DA:79,0
DA:81,0
DA:83,0
DA:84,0
DA:88,0
DA:89,0
DA:90,0
DA:93,0
DA:94,0
DA:95,0
DA:98,0
DA:99,0
DA:100,0
DA:103,0
DA:104,0
DA:114,0
DA:115,0
DA:116,0
DA:117,0
DA:119,0
DA:120,0
DA:128,0
DA:129,0
DA:149,0
DA:158,0
DA:167,0
DA:174,0
DA:184,0
DA:186,0
DA:191,0
DA:209,0
DA:218,0
DA:234,0
DA:264,0
DA:276,0
LF:69
LH:0
BRDA:25,0,0,0
BRDA:25,0,1,0
BRDA:131,1,0,0
BRDA:131,1,1,0
BRDA:199,2,0,0
BRDA:199,2,1,0
BRDA:215,3,0,0
BRDA:215,3,1,0
BRF:8
BRH:0
end_of_record
TN:
SF:app\history.js
FN:8,History
FN:13,(anonymous_1)
FN:21,(anonymous_2)
FN:24,(anonymous_3)
FN:38,(anonymous_4)
FN:48,(anonymous_5)
FN:54,(anonymous_6)
FN:58,(anonymous_7)
FN:68,(anonymous_8)
FN:72,(anonymous_9)
FN:103,(anonymous_10)
FN:124,(anonymous_11)
FN:147,(anonymous_12)
FN:151,(anonymous_13)
FN:172,(anonymous_14)
FNF:15
FNH:0
FNDA:0,History
FNDA:0,(anonymous_1)
FNDA:0,(anonymous_2)
FNDA:0,(anonymous_3)
FNDA:0,(anonymous_4)
FNDA:0,(anonymous_5)
FNDA:0,(anonymous_6)
FNDA:0,(anonymous_7)
FNDA:0,(anonymous_8)
FNDA:0,(anonymous_9)
FNDA:0,(anonymous_10)
FNDA:0,(anonymous_11)
FNDA:0,(anonymous_12)
FNDA:0,(anonymous_13)
FNDA:0,(anonymous_14)
DA:9,0
DA:10,0
DA:11,0
DA:13,0
DA:14,0
DA:16,0
DA:17,0
DA:18,0
DA:20,0
DA:21,0
DA:24,0
DA:26,0
DA:31,0
DA:35,0
DA:36,0
DA:37,0
DA:38,0
DA:40,0
DA:43,0
DA:47,0
DA:49,0
DA:54,0
DA:55,0
DA:58,0
DA:59,0
DA:60,0
DA:68,0
DA:69,0
DA:72,0
DA:98,0
DA:103,0
DA:124,0
DA:148,0
DA:151,0
DA:173,0
DA:198,0
LF:36
LH:0
BRDA:17,0,0,0
BRDA:17,0,1,0
BRDA:36,1,0,0
BRDA:36,1,1,0
BRDA:90,2,0,0
BRDA:90,2,1,0
BRDA:116,3,0,0
BRDA:116,3,1,0
BRDA:116,3,2,0
BRDA:122,4,0,0
BRDA:122,4,1,0
BRDA:122,5,0,0
BRDA:122,5,1,0
BRDA:139,6,0,0
BRDA:139,6,1,0
BRDA:145,7,0,0
BRDA:145,7,1,0
BRDA:157,8,0,0
BRDA:157,8,1,0
BRDA:162,9,0,0
BRDA:162,9,1,0
BRDA:168,10,0,0
BRDA:168,10,1,0
BRDA:168,10,2,0
BRDA:177,11,0,0
BRDA:177,11,1,0
BRDA:207,12,0,0
BRDA:207,12,1,0
BRDA:207,13,0,0
BRDA:207,13,1,0
BRDA:215,14,0,0
BRDA:215,14,1,0
BRDA:215,15,0,0
BRDA:215,15,1,0
BRF:34
BRH:0
end_of_record
TN:
SF:app\index.js
FN:10,Home
FN:17,(anonymous_1)
FN:25,(anonymous_2)
FN:35,(anonymous_3)
FN:37,(anonymous_4)
FN:46,(anonymous_5)
FN:53,(anonymous_6)
FN:57,(anonymous_7)
FN:60,(anonymous_8)
FN:63,(anonymous_9)
FN:69,(anonymous_10)
FN:130,(anonymous_11)
FN:138,(anonymous_12)
FN:146,(anonymous_13)
FN:154,(anonymous_14)
FN:162,(anonymous_15)
FN:170,(anonymous_16)
FN:178,(anonymous_17)
FN:186,(anonymous_18)
FN:194,(anonymous_19)
FN:202,(anonymous_20)
FN:210,(anonymous_21)
FNF:22
FNH:0
FNDA:0,Home
FNDA:0,(anonymous_1)
FNDA:0,(anonymous_2)
FNDA:0,(anonymous_3)
FNDA:0,(anonymous_4)
FNDA:0,(anonymous_5)
FNDA:0,(anonymous_6)
FNDA:0,(anonymous_7)
FNDA:0,(anonymous_8)
FNDA:0,(anonymous_9)
FNDA:0,(anonymous_10)
FNDA:0,(anonymous_11)
FNDA:0,(anonymous_12)
FNDA:0,(anonymous_13)
FNDA:0,(anonymous_14)
FNDA:0,(anonymous_15)
FNDA:0,(anonymous_16)
FNDA:0,(anonymous_17)
FNDA:0,(anonymous_18)
FNDA:0,(anonymous_19)
FNDA:0,(anonymous_20)
FNDA:0,(anonymous_21)
DA:11,0
DA:12,0
DA:13,0
DA:14,0
DA:15,0
DA:17,0
DA:19,0
DA:20,0
DA:23,0
DA:25,0
DA:26,0
DA:29,0
DA:30,0
DA:34,0
DA:36,0
DA:37,0
DA:38,0
DA:39,0
DA:40,0
DA:41,0
DA:42,0
DA:45,0
DA:46,0
DA:47,0
DA:53,0
DA:54,0
DA:57,0
DA:58,0
DA:60,0
DA:61,0
DA:63,0
DA:64,0
DA:65,0
DA:69,0
DA:70,0
DA:71,0
DA:72,0
DA:73,0
DA:74,0
DA:75,0
DA:78,0
DA:80,0
DA:81,0
DA:82,0
DA:84,0
DA:85,0
DA:87,0
DA:91,0
DA:93,0
DA:97,0
DA:98,0
DA:99,0
DA:101,0
DA:103,0
DA:104,0
DA:106,0
DA:112,0
DA:130,0
DA:138,0
DA:146,0
DA:154,0
DA:162,0
DA:170,0
DA:178,0
DA:186,0
DA:194,0
DA:202,0
DA:210,0
DA:220,0
LF:69
LH:0
BRDA:23,0,0,0
BRDA:23,0,1,0
BRDA:23,1,0,0
BRDA:23,1,1,0
BRDA:40,2,0,0
BRDA:40,2,1,0
BRDA:71,3,0,0
BRDA:71,3,1,0
BRDA:82,4,0,0
BRDA:82,4,1,0
BRDA:84,5,0,0
BRDA:84,5,1,0
BRDA:84,6,0,0
BRDA:84,6,1,0
BRDA:119,7,0,0
BRDA:119,7,1,0
BRDA:119,8,0,0
BRDA:119,8,1,0
BRDA:119,9,0,0
BRDA:119,9,1,0
BRDA:122,10,0,0
BRDA:122,10,1,0
BRF:22
BRH:0
end_of_record
TN:
SF:app\medical-exams.js
FN:10,MedicalExams
FN:17,(anonymous_1)
FN:28,(anonymous_2)
FN:52,(anonymous_3)
FN:58,(anonymous_4)
FN:66,(anonymous_5)
FN:76,(anonymous_6)
FN:79,(anonymous_7)
FN:92,(anonymous_8)
FN:105,(anonymous_9)
FN:119,(anonymous_10)
FN:140,(anonymous_11)
FN:144,(anonymous_12)
FN:179,(anonymous_13)
FN:192,(anonymous_14)
FN:218,(anonymous_15)
FN:235,(anonymous_16)
FN:243,(anonymous_17)
FNF:18
FNH:0
FNDA:0,MedicalExams
FNDA:0,(anonymous_1)
FNDA:0,(anonymous_2)
FNDA:0,(anonymous_3)
FNDA:0,(anonymous_4)
FNDA:0,(anonymous_5)
FNDA:0,(anonymous_6)
FNDA:0,(anonymous_7)
FNDA:0,(anonymous_8)
FNDA:0,(anonymous_9)
FNDA:0,(anonymous_10)
FNDA:0,(anonymous_11)
FNDA:0,(anonymous_12)
FNDA:0,(anonymous_13)
FNDA:0,(anonymous_14)
FNDA:0,(anonymous_15)
FNDA:0,(anonymous_16)
FNDA:0,(anonymous_17)
DA:11,0
DA:12,0
DA:13,0
DA:14,0
DA:15,0
DA:17,0
DA:18,0
DA:19,0
DA:21,0
DA:24,0
DA:25,0
DA:26,0
DA:28,0
DA:29,0
DA:30,0
DA:31,0
DA:34,0
DA:36,0
DA:39,0
DA:41,0
DA:44,0
DA:45,0
DA:47,0
DA:51,0
DA:53,0
DA:58,0
DA:60,0
DA:62,0
DA:66,0
DA:67,0
DA:77,0
DA:79,0
DA:80,0
DA:81,0
DA:83,0
DA:84,0
DA:92,0
DA:93,0
DA:95,0
DA:97,0
DA:99,0
DA:101,0
DA:105,0
DA:106,0
DA:108,0
DA:110,0
DA:112,0
DA:114,0
DA:119,0
DA:120,0
DA:123,0
DA:124,0
DA:126,0
DA:127,0
DA:129,0
DA:133,0
DA:134,0
DA:137,0
DA:140,0
DA:141,0
DA:144,0
DA:180,0
DA:181,0
DA:193,0
DA:194,0
DA:204,0
DA:205,0
DA:213,0
DA:218,0
DA:235,0
DA:243,0
DA:253,0
LF:72
LH:0
BRDA:25,0,0,0
BRDA:25,0,1,0
BRDA:29,1,0,0
BRDA:29,1,1,0
BRDA:30,2,0,0
BRDA:30,2,1,0
BRDA:93,3,0,0
BRDA:93,3,1,0
BRDA:93,3,2,0
BRDA:93,3,3,0
BRDA:106,4,0,0
BRDA:106,4,1,0
BRDA:106,4,2,0
BRDA:106,4,3,0
BRDA:120,5,0,0
BRDA:120,5,1,0
BRDA:123,6,0,0
BRDA:123,6,1,0
BRDA:126,7,0,0
BRDA:126,7,1,0
BRDA:133,8,0,0
BRDA:133,8,1,0
BRDA:152,9,0,0
BRDA:152,9,1,0
BRDA:157,10,0,0
BRDA:157,10,1,0
BRDA:157,10,2,0
BRDA:163,11,0,0
BRDA:163,11,1,0
BRDA:164,12,0,0
BRDA:164,12,1,0
BRDA:168,13,0,0
BRDA:168,13,1,0
BRDA:168,13,2,0
BRDA:168,13,3,0
BRDA:204,14,0,0
BRDA:204,14,1,0
BRDA:225,15,0,0
BRDA:225,15,1,0
BRDA:273,16,0,0
BRDA:273,16,1,0
BRDA:273,17,0,0
BRDA:273,17,1,0
BRDA:281,18,0,0
BRDA:281,18,1,0
BRDA:281,19,0,0
BRDA:281,19,1,0
BRF:47
BRH:0
end_of_record
TN:
SF:app\medications.js
FN:11,Medications
FN:17,(anonymous_1)
FN:42,(anonymous_2)
FN:48,(anonymous_3)
FN:56,(anonymous_4)
FN:66,(anonymous_5)
FN:71,(anonymous_6)
FN:85,(anonymous_7)
FN:110,(anonymous_8)
FN:120,(anonymous_9)
FN:136,(anonymous_10)
FN:148,(anonymous_11)
FN:160,(anonymous_12)
FN:179,(anonymous_13)
FN:196,(anonymous_14)
FN:204,(anonymous_15)
FNF:16
FNH:0
FNDA:0,Medications
FNDA:0,(anonymous_1)
FNDA:0,(anonymous_2)
FNDA:0,(anonymous_3)
FNDA:0,(anonymous_4)
FNDA:0,(anonymous_5)
FNDA:0,(anonymous_6)
FNDA:0,(anonymous_7)
FNDA:0,(anonymous_8)
FNDA:0,(anonymous_9)
FNDA:0,(anonymous_10)
FNDA:0,(anonymous_11)
FNDA:0,(anonymous_12)
FNDA:0,(anonymous_13)
FNDA:0,(anonymous_14)
FNDA:0,(anonymous_15)
DA:12,0
DA:13,0
DA:14,0
DA:15,0
DA:17,0
DA:18,0
DA:20,0
DA:22,0
DA:23,0
DA:24,0
DA:26,0
DA:28,0
DA:31,0
DA:33,0
DA:36,0
DA:37,0
DA:41,0
DA:43,0
DA:48,0
DA:50,0
DA:52,0
DA:56,0
DA:57,0
DA:67,0
DA:69,0
DA:71,0
DA:72,0
DA:73,0
DA:75,0
DA:76,0
DA:85,0
DA:86,0
DA:88,0
DA:89,0
DA:91,0
DA:92,0
DA:93,0
DA:96,0
DA:97,0
DA:98,0
DA:102,0
DA:103,0
DA:107,0
DA:110,0
DA:111,0
DA:113,0
DA:120,0
DA:137,0
DA:138,0
DA:149,0
DA:150,0
DA:161,0
DA:174,0
DA:179,0
DA:196,0
DA:204,0
DA:214,0
LF:57
LH:0
BRDA:23,0,0,0
BRDA:23,0,1,0
BRDA:86,1,0,0
BRDA:86,1,1,0
BRDA:86,2,0,0
BRDA:86,2,1,0
BRDA:97,3,0,0
BRDA:97,3,1,0
BRDA:97,4,0,0
BRDA:97,4,1,0
BRDA:102,5,0,0
BRDA:102,5,1,0
BRDA:102,6,0,0
BRDA:102,6,1,0
BRDA:118,7,0,0
BRDA:118,7,1,0
BRDA:125,8,0,0
BRDA:125,8,1,0
BRDA:131,9,0,0
BRDA:131,9,1,0
BRDA:160,10,0,0
BRDA:160,10,1,0
BRDA:167,11,0,0
BRDA:167,11,1,0
BRDA:186,12,0,0
BRDA:186,12,1,0
BRF:26
BRH:0
end_of_record
TN:
SF:app\pro-license.js
FN:24,ProLicense
FN:35,(anonymous_1)
FN:40,(anonymous_2)
FN:46,(anonymous_3)
FN:79,(anonymous_4)
FN:96,(anonymous_5)
FN:125,(anonymous_6)
FN:165,(anonymous_7)
FN:174,(anonymous_8)
FN:193,(anonymous_9)
FN:209,(anonymous_10)
FN:299,(anonymous_11)
FN:344,(anonymous_12)
FN:362,(anonymous_13)
FN:380,(anonymous_14)
FNF:15
FNH:0
FNDA:0,ProLicense
FNDA:0,(anonymous_1)
FNDA:0,(anonymous_2)
FNDA:0,(anonymous_3)
FNDA:0,(anonymous_4)
FNDA:0,(anonymous_5)
FNDA:0,(anonymous_6)
FNDA:0,(anonymous_7)
FNDA:0,(anonymous_8)
FNDA:0,(anonymous_9)
FNDA:0,(anonymous_10)
FNDA:0,(anonymous_11)
FNDA:0,(anonymous_12)
FNDA:0,(anonymous_13)
FNDA:0,(anonymous_14)
DA:25,0
DA:26,0
DA:27,0
DA:28,0
DA:29,0
DA:30,0
DA:31,0
DA:32,0
DA:34,0
DA:36,0
DA:37,0
DA:40,0
DA:41,0
DA:46,0
DA:47,0
DA:49,0
DA:50,0
DA:52,0
DA:54,0
DA:56,0
DA:58,0
DA:59,0
DA:60,0
DA:61,0
DA:62,0
DA:67,0
DA:74,0
DA:75,0
DA:79,0
DA:80,0
DA:81,0
DA:82,0
DA:83,0
DA:84,0
DA:85,0
DA:87,0
DA:90,0
DA:92,0
DA:96,0
DA:97,0
DA:98,0
DA:99,0
DA:102,0
DA:103,0
DA:104,0
DA:106,0
DA:107,0
DA:112,0
DA:113,0
DA:115,0
DA:118,0
DA:119,0
DA:121,0
DA:125,0
DA:126,0
DA:127,0
DA:128,0
DA:131,0
DA:132,0
DA:133,0
DA:135,0
DA:137,0
DA:140,0
DA:142,0
DA:143,0
DA:144,0
DA:149,0
DA:151,0
DA:152,0
DA:155,0
DA:158,0
DA:159,0
DA:161,0
DA:165,0
DA:166,0
DA:175,0
DA:176,0
DA:177,0
DA:178,0
DA:179,0
DA:181,0
DA:184,0
DA:185,0
DA:193,0
DA:194,0
DA:195,0
DA:204,0
DA:209,0
DA:300,0
DA:301,0
DA:344,0
DA:362,0
DA:380,0
DA:405,0
LF:94
LH:0
BRDA:52,0,0,0
BRDA:52,0,1,0
BRDA:56,1,0,0
BRDA:56,1,1,0
BRDA:56,2,0,0
BRDA:56,2,1,0
BRDA:56,2,2,0
BRDA:59,3,0,0
BRDA:59,3,1,0
BRDA:61,4,0,0
BRDA:61,4,1,0
BRDA:83,5,0,0
BRDA:83,5,1,0
BRDA:97,6,0,0
BRDA:97,6,1,0
BRDA:106,7,0,0
BRDA:106,7,1,0
BRDA:115,8,0,0
BRDA:115,8,1,0
BRDA:126,9,0,0
BRDA:126,9,1,0
BRDA:135,10,0,0
BRDA:135,10,1,0
BRDA:140,11,0,0
BRDA:140,11,1,0
BRDA:140,12,0,0
BRDA:140,12,1,0
BRDA:143,13,0,0
BRDA:143,13,1,0
BRDA:155,14,0,0
BRDA:155,14,1,0
BRDA:177,15,0,0
BRDA:177,15,1,0
BRDA:181,16,0,0
BRDA:181,16,1,0
BRDA:194,17,0,0
BRDA:194,17,1,0
BRDA:218,18,0,0
BRDA:218,18,1,0
BRDA:222,19,0,0
BRDA:222,19,1,0
BRDA:243,20,0,0
BRDA:243,20,1,0
BRDA:244,21,0,0
BRDA:244,21,1,0
BRDA:291,22,0,0
BRDA:291,22,1,0
BRDA:314,23,0,0
BRDA:314,23,1,0
BRDA:318,24,0,0
BRDA:318,24,1,0
BRDA:341,25,0,0
BRDA:341,25,1,0
BRDA:343,26,0,0
BRDA:343,26,1,0
BRDA:343,26,2,0
BRDA:345,27,0,0
BRDA:345,27,1,0
BRDA:359,28,0,0
BRDA:359,28,1,0
BRDA:361,29,0,0
BRDA:361,29,1,0
BRDA:361,29,2,0
BRDA:363,30,0,0
BRDA:363,30,1,0
BRDA:377,31,0,0
BRDA:377,31,1,0
BRDA:379,32,0,0
BRDA:379,32,1,0
BRDA:379,32,2,0
BRDA:381,33,0,0
BRDA:381,33,1,0
BRF:72
BRH:0
end_of_record
TN:
SF:app\profile-selection.js
FN:22,ProfileSelectionScreen
FN:41,(anonymous_1)
FN:54,(anonymous_2)
FN:59,(anonymous_3)
FN:64,(anonymous_4)
FN:111,(anonymous_5)
FN:113,(anonymous_6)
FN:127,(anonymous_7)
FN:154,(anonymous_8)
FN:169,(anonymous_9)
FN:184,(anonymous_10)
FN:230,(anonymous_11)
FN:289,(anonymous_12)
FN:294,(anonymous_13)
FN:302,(anonymous_14)
FN:312,(anonymous_15)
FN:320,(anonymous_16)
FN:348,(anonymous_17)
FN:355,(anonymous_18)
FN:370,(anonymous_19)
FN:373,(anonymous_20)
FN:377,(anonymous_21)
FN:378,(anonymous_22)
FN:386,(anonymous_23)
FN:404,(anonymous_24)
FN:424,(anonymous_25)
FN:427,(anonymous_26)
FN:430,(anonymous_27)
FN:433,(anonymous_28)
FN:464,(anonymous_29)
FN:480,(anonymous_30)
FN:484,(anonymous_31)
FNF:32
FNH:0
FNDA:0,ProfileSelectionScreen
FNDA:0,(anonymous_1)
FNDA:0,(anonymous_2)
FNDA:0,(anonymous_3)
FNDA:0,(anonymous_4)
FNDA:0,(anonymous_5)
FNDA:0,(anonymous_6)
FNDA:0,(anonymous_7)
FNDA:0,(anonymous_8)
FNDA:0,(anonymous_9)
FNDA:0,(anonymous_10)
FNDA:0,(anonymous_11)
FNDA:0,(anonymous_12)
FNDA:0,(anonymous_13)
FNDA:0,(anonymous_14)
FNDA:0,(anonymous_15)
FNDA:0,(anonymous_16)
FNDA:0,(anonymous_17)
FNDA:0,(anonymous_18)
FNDA:0,(anonymous_19)
FNDA:0,(anonymous_20)
FNDA:0,(anonymous_21)
FNDA:0,(anonymous_22)
FNDA:0,(anonymous_23)
FNDA:0,(anonymous_24)
FNDA:0,(anonymous_25)
FNDA:0,(anonymous_26)
FNDA:0,(anonymous_27)
FNDA:0,(anonymous_28)
FNDA:0,(anonymous_29)
FNDA:0,(anonymous_30)
FNDA:0,(anonymous_31)
DA:23,0
DA:24,0
DA:25,0
DA:26,0
DA:27,0
DA:28,0
DA:29,0
DA:30,0
DA:31,0
DA:32,0
DA:33,0
DA:34,0
DA:35,0
DA:36,0
DA:37,0
DA:38,0
DA:39,0
DA:41,0
DA:42,0
DA:43,0
DA:44,0
DA:45,0
DA:46,0
DA:47,0
DA:50,0
DA:51,0
DA:54,0
DA:55,0
DA:58,0
DA:60,0
DA:64,0
DA:65,0
DA:66,0
DA:68,0
DA:69,0
DA:70,0
DA:71,0
DA:77,0
DA:78,0
DA:80,0
DA:81,0
DA:82,0
DA:83,0
DA:85,0
DA:88,0
DA:90,0
DA:92,0
DA:94,0
DA:95,0
DA:97,0
DA:98,0
DA:100,0
DA:101,0
DA:102,0
DA:105,0
DA:113,0
DA:114,0
DA:120,0
DA:123,0
DA:124,0
DA:125,0
DA:127,0
DA:128,0
DA:130,0
DA:133,0
DA:134,0
DA:135,0
DA:136,0
DA:137,0
DA:138,0
DA:139,0
DA:140,0
DA:141,0
DA:143,0
DA:144,0
DA:147,0
DA:148,0
DA:149,0
DA:150,0
DA:154,0
DA:155,0
DA:156,0
DA:157,0
DA:158,0
DA:159,0
DA:161,0
DA:162,0
DA:163,0
DA:164,0
DA:165,0
DA:166,0
DA:169,0
DA:170,0
DA:171,0
DA:172,0
DA:173,0
DA:174,0
DA:176,0
DA:177,0
DA:178,0
DA:179,0
DA:180,0
DA:181,0
DA:184,0
DA:185,0
DA:186,0
DA:187,0
DA:188,0
DA:189,0
DA:190,0
DA:192,0
DA:194,0
DA:195,0
DA:196,0
DA:198,0
DA:199,0
DA:200,0
DA:203,0
DA:204,0
DA:205,0
DA:208,0
DA:209,0
DA:210,0
DA:212,0
DA:213,0
DA:214,0
DA:216,0
DA:217,0
DA:218,0
DA:219,0
DA:220,0
DA:221,0
DA:223,0
DA:224,0
DA:225,0
DA:226,0
DA:230,0
DA:231,0
DA:232,0
DA:233,0
DA:234,0
DA:235,0
DA:236,0
DA:238,0
DA:240,0
DA:241,0
DA:242,0
DA:244,0
DA:245,0
DA:250,0
DA:251,0
DA:252,0
DA:254,0
DA:258,0
DA:259,0
DA:260,0
DA:262,0
DA:263,0
DA:264,0
DA:266,0
DA:267,0
DA:268,0
DA:271,0
DA:272,0
DA:273,0
DA:275,0
DA:276,0
DA:277,0
DA:278,0
DA:279,0
DA:280,0
DA:282,0
DA:283,0
DA:284,0
DA:285,0
DA:289,0
DA:290,0
DA:291,0
DA:294,0
DA:295,0
DA:296,0
DA:298,0
DA:299,0
DA:302,0
DA:303,0
DA:305,0
DA:313,0
DA:314,0
DA:321,0
DA:323,0
DA:324,0
DA:328,0
DA:331,0
DA:333,0
DA:334,0
DA:336,0
DA:338,0
DA:339,0
DA:340,0
DA:348,0
DA:350,0
DA:351,0
DA:352,0
DA:355,0
DA:357,0
DA:358,0
DA:359,0
DA:362,0
DA:370,0
DA:374,0
DA:377,0
DA:378,0
DA:386,0
DA:404,0
DA:424,0
DA:427,0
DA:430,0
DA:433,0
DA:464,0
DA:480,0
DA:485,0
DA:486,0
DA:529,0
LF:223
LH:0
BRDA:68,0,0,0
BRDA:68,0,1,0
BRDA:68,1,0,0
BRDA:68,1,1,0
BRDA:77,2,0,0
BRDA:77,2,1,0
BRDA:92,3,0,0
BRDA:92,3,1,0
BRDA:94,4,0,0
BRDA:94,4,1,0
BRDA:97,5,0,0
BRDA:97,5,1,0
BRDA:138,6,0,0
BRDA:138,6,1,0
BRDA:149,7,0,0
BRDA:149,7,1,0
BRDA:149,7,2,0
BRDA:155,8,0,0
BRDA:155,8,1,0
BRDA:157,9,0,0
BRDA:157,9,1,0
BRDA:164,10,0,0
BRDA:164,10,1,0
BRDA:170,11,0,0
BRDA:170,11,1,0
BRDA:172,12,0,0
BRDA:172,12,1,0
BRDA:179,13,0,0
BRDA:179,13,1,0
BRDA:187,14,0,0
BRDA:187,14,1,0
BRDA:194,15,0,0
BRDA:194,15,1,0
BRDA:198,16,0,0
BRDA:198,16,1,0
BRDA:218,17,0,0
BRDA:218,17,1,0
BRDA:225,18,0,0
BRDA:225,18,1,0
BRDA:225,18,2,0
BRDA:233,19,0,0
BRDA:233,19,1,0
BRDA:244,20,0,0
BRDA:244,20,1,0
BRDA:245,21,0,0
BRDA:245,21,1,0
BRDA:247,22,0,0
BRDA:247,22,1,0
BRDA:251,23,0,0
BRDA:251,23,1,0
BRDA:251,24,0,0
BRDA:251,24,1,0
BRDA:266,25,0,0
BRDA:266,25,1,0
BRDA:277,26,0,0
BRDA:277,26,1,0
BRDA:284,27,0,0
BRDA:284,27,1,0
BRDA:284,27,2,0
BRDA:295,28,0,0
BRDA:295,28,1,0
BRDA:303,29,0,0
BRDA:303,29,1,0
BRDA:323,30,0,0
BRDA:323,30,1,0
BRDA:339,31,0,0
BRDA:339,31,1,0
BRDA:339,31,2,0
BRDA:407,32,0,0
BRDA:407,32,1,0
BRDA:407,33,0,0
BRDA:407,33,1,0
BRDA:467,34,0,0
BRDA:467,34,1,0
BRDA:490,35,0,0
BRDA:490,35,1,0
BRF:76
BRH:0
end_of_record
TN:
SF:app\sessions.js
FN:10,(anonymous_0)
FN:21,Sessions
FN:31,(anonymous_2)
FN:35,(anonymous_3)
FN:51,(anonymous_4)
FN:56,(anonymous_5)
FN:66,(anonymous_6)
FN:80,(anonymous_7)
FN:89,(anonymous_8)
FN:103,(anonymous_9)
FN:109,(anonymous_10)
FN:110,(anonymous_11)
FN:146,(anonymous_12)
FN:164,(anonymous_13)
FNF:14
FNH:0
FNDA:0,(anonymous_0)
FNDA:0,Sessions
FNDA:0,(anonymous_2)
FNDA:0,(anonymous_3)
FNDA:0,(anonymous_4)
FNDA:0,(anonymous_5)
FNDA:0,(anonymous_6)
FNDA:0,(anonymous_7)
FNDA:0,(anonymous_8)
FNDA:0,(anonymous_9)
FNDA:0,(anonymous_10)
FNDA:0,(anonymous_11)
FNDA:0,(anonymous_12)
FNDA:0,(anonymous_13)
DA:10,0
DA:11,0
DA:12,0
DA:13,0
DA:15,0
DA:19,0
DA:22,0
DA:23,0
DA:24,0
DA:25,0
DA:26,0
DA:27,0
DA:28,0
DA:29,0
DA:31,0
DA:32,0
DA:35,0
DA:36,0
DA:37,0
DA:38,0
DA:39,0
DA:40,0
DA:41,0
DA:43,0
DA:44,0
DA:46,0
DA:50,0
DA:52,0
DA:56,0
DA:57,0
DA:58,0
DA:59,0
DA:61,0
DA:62,0
DA:66,0
DA:67,0
DA:68,0
DA:69,0
DA:71,0
DA:72,0
DA:73,0
DA:75,0
DA:76,0
DA:80,0
DA:81,0
DA:90,0
DA:91,0
DA:95,0
DA:96,0
DA:103,0
DA:104,0
DA:105,0
DA:106,0
DA:107,0
DA:108,0
DA:109,0
DA:110,0
DA:111,0
DA:113,0
DA:114,0
DA:116,0
DA:120,0
DA:147,0
DA:148,0
DA:164,0
DA:196,0
LF:66
LH:0
BRDA:11,0,0,0
BRDA:11,0,1,0
BRDA:39,1,0,0
BRDA:39,1,1,0
BRDA:40,2,0,0
BRDA:40,2,1,0
BRDA:41,3,0,0
BRDA:41,3,1,0
BRDA:43,4,0,0
BRDA:43,4,1,0
BRDA:61,5,0,0
BRDA:61,5,1,0
BRDA:67,6,0,0
BRDA:67,6,1,0
BRDA:75,7,0,0
BRDA:75,7,1,0
BRDA:104,8,0,0
BRDA:104,8,1,0
BRDA:104,9,0,0
BRDA:104,9,1,0
BRDA:108,10,0,0
BRDA:108,10,1,0
BRDA:113,11,0,0
BRDA:113,11,1,0
BRDA:127,12,0,0
BRDA:127,12,1,0
BRDA:136,13,0,0
BRDA:136,13,1,0
BRDA:140,14,0,0
BRDA:140,14,1,0
BRDA:147,15,0,0
BRDA:147,15,1,0
BRDA:151,16,0,0
BRDA:151,16,1,0
BRDA:151,16,2,0
BRDA:152,17,0,0
BRDA:152,17,1,0
BRDA:154,18,0,0
BRDA:154,18,1,0
BRDA:154,19,0,0
BRDA:154,19,1,0
BRDA:155,20,0,0
BRDA:155,20,1,0
BRDA:156,21,0,0
BRDA:156,21,1,0
BRDA:163,22,0,0
BRDA:163,22,1,0
BRDA:168,23,0,0
BRDA:168,23,1,0
BRDA:175,24,0,0
BRDA:175,24,1,0
BRDA:181,25,0,0
BRDA:181,25,1,0
BRF:53
BRH:0
end_of_record
TN:
SF:app\settings.js
FN:14,Settings
FN:32,(anonymous_1)
FN:66,(anonymous_2)
FN:71,(anonymous_3)
FN:75,(anonymous_4)
FN:89,(anonymous_5)
FN:165,(anonymous_6)
FN:173,(anonymous_7)
FN:222,(anonymous_8)
FN:228,(anonymous_9)
FN:242,(anonymous_10)
FN:266,(anonymous_11)
FN:306,(anonymous_12)
FN:326,(anonymous_13)
FN:346,(anonymous_14)
FN:361,(anonymous_15)
FN:383,(anonymous_16)
FN:405,(anonymous_17)
FN:423,(anonymous_18)
FN:436,(anonymous_19)
FN:487,(anonymous_20)
FN:498,(anonymous_21)
FN:556,(anonymous_22)
FN:567,(anonymous_23)
FN:575,(anonymous_24)
FN:611,(anonymous_25)
FNF:26
FNH:0
FNDA:0,Settings
FNDA:0,(anonymous_1)
FNDA:0,(anonymous_2)
FNDA:0,(anonymous_3)
FNDA:0,(anonymous_4)
FNDA:0,(anonymous_5)
FNDA:0,(anonymous_6)
FNDA:0,(anonymous_7)
FNDA:0,(anonymous_8)
FNDA:0,(anonymous_9)
FNDA:0,(anonymous_10)
FNDA:0,(anonymous_11)
FNDA:0,(anonymous_12)
FNDA:0,(anonymous_13)
FNDA:0,(anonymous_14)
FNDA:0,(anonymous_15)
FNDA:0,(anonymous_16)
FNDA:0,(anonymous_17)
FNDA:0,(anonymous_18)
FNDA:0,(anonymous_19)
FNDA:0,(anonymous_20)
FNDA:0,(anonymous_21)
FNDA:0,(anonymous_22)
FNDA:0,(anonymous_23)
FNDA:0,(anonymous_24)
FNDA:0,(anonymous_25)
DA:15,0
DA:16,0
DA:17,0
DA:18,0
DA:19,0
DA:20,0
DA:21,0
DA:22,0
DA:23,0
DA:24,0
DA:25,0
DA:26,0
DA:27,0
DA:28,0
DA:29,0
DA:30,0
DA:32,0
DA:33,0
DA:34,0
DA:35,0
DA:36,0
DA:37,0
DA:40,0
DA:41,0
DA:42,0
DA:43,0
DA:44,0
DA:45,0
DA:46,0
DA:47,0
DA:49,0
DA:53,0
DA:55,0
DA:56,0
DA:57,0
DA:58,0
DA:59,0
DA:61,0
DA:65,0
DA:67,0
DA:71,0
DA:72,0
DA:75,0
DA:77,0
DA:92,0
DA:93,0
DA:94,0
DA:96,0
DA:97,0
DA:98,0
DA:100,0
DA:101,0
DA:104,0
DA:105,0
DA:106,0
DA:107,0
DA:108,0
DA:111,0
DA:112,0
DA:114,0
DA:115,0
DA:117,0
DA:118,0
DA:119,0
DA:120,0
DA:121,0
DA:123,0
DA:124,0
DA:125,0
DA:126,0
DA:127,0
DA:129,0
DA:131,0
DA:132,0
DA:134,0
DA:143,0
DA:144,0
DA:145,0
DA:149,0
DA:151,0
DA:152,0
DA:154,0
DA:158,0
DA:167,0
DA:174,0
DA:175,0
DA:176,0
DA:177,0
DA:178,0
DA:179,0
DA:181,0
DA:183,0
DA:184,0
DA:186,0
DA:195,0
DA:223,0
DA:224,0
DA:225,0
DA:226,0
DA:227,0
DA:228,0
DA:229,0
DA:230,0
DA:243,0
DA:244,0
DA:245,0
DA:246,0
DA:247,0
DA:266,0
DA:306,0
DA:326,0
DA:346,0
DA:362,0
DA:363,0
DA:384,0
DA:385,0
DA:406,0
DA:407,0
DA:423,0
DA:436,0
DA:488,0
DA:489,0
DA:490,0
DA:491,0
DA:499,0
DA:500,0
DA:502,0
DA:503,0
DA:504,0
DA:505,0
DA:507,0
DA:508,0
DA:509,0
DA:510,0
DA:514,0
DA:515,0
DA:516,0
DA:519,0
DA:520,0
DA:521,0
DA:524,0
DA:525,0
DA:526,0
DA:527,0
DA:530,0
DA:532,0
DA:533,0
DA:534,0
DA:535,0
DA:536,0
DA:537,0
DA:539,0
DA:540,0
DA:556,0
DA:568,0
DA:576,0
DA:577,0
DA:578,0
DA:579,0
DA:580,0
DA:582,0
DA:583,0
DA:584,0
DA:585,0
DA:587,0
DA:588,0
DA:611,0
DA:623,0
LF:168
LH:0
BRDA:36,0,0,0
BRDA:36,0,1,0
BRDA:43,1,0,0
BRDA:43,1,1,0
BRDA:46,2,0,0
BRDA:46,2,1,0
BRDA:96,3,0,0
BRDA:96,3,1,0
BRDA:104,4,0,0
BRDA:104,4,1,0
BRDA:111,5,0,0
BRDA:111,5,1,0
BRDA:123,6,0,0
BRDA:123,6,1,0
BRDA:134,7,0,0
BRDA:134,7,1,0
BRDA:136,8,0,0
BRDA:136,8,1,0
BRDA:138,9,0,0
BRDA:138,9,1,0
BRDA:140,10,0,0
BRDA:140,10,1,0
BRDA:144,11,0,0
BRDA:144,11,1,0
BRDA:152,12,0,0
BRDA:152,12,1,0
BRDA:211,13,0,0
BRDA:211,13,1,0
BRDA:217,14,0,0
BRDA:217,14,1,0
BRDA:233,15,0,0
BRDA:233,15,1,0
BRDA:233,15,2,0
BRDA:235,16,0,0
BRDA:235,16,1,0
BRDA:243,17,0,0
BRDA:243,17,1,0
BRDA:254,18,0,0
BRDA:254,18,1,0
BRDA:257,19,0,0
BRDA:257,19,1,0
BRDA:288,20,0,0
BRDA:288,20,1,0
BRDA:292,21,0,0
BRDA:292,21,1,0
BRDA:300,22,0,0
BRDA:300,22,1,0
BRDA:313,23,0,0
BRDA:313,23,1,0
BRDA:313,24,0,0
BRDA:313,24,1,0
BRDA:359,25,0,0
BRDA:359,25,1,0
BRDA:372,26,0,0
BRDA:372,26,1,0
BRDA:381,27,0,0
BRDA:381,27,1,0
BRDA:394,28,0,0
BRDA:394,28,1,0
BRDA:403,29,0,0
BRDA:403,29,1,0
BRDA:416,30,0,0
BRDA:416,30,1,0
BRDA:441,31,0,0
BRDA:441,31,1,0
BRDA:444,32,0,0
BRDA:444,32,1,0
BRDA:449,33,0,0
BRDA:449,33,1,0
BRDA:500,34,0,0
BRDA:500,34,1,0
BRDA:503,35,0,0
BRDA:503,35,1,0
BRDA:508,36,0,0
BRDA:508,36,1,0
BRDA:514,37,0,0
BRDA:514,37,1,0
BRDA:519,38,0,0
BRDA:519,38,1,0
BRDA:525,39,0,0
BRDA:525,39,1,0
BRDA:537,40,0,0
BRDA:537,40,1,0
BRDA:540,41,0,0
BRDA:540,41,1,0
BRDA:573,42,0,0
BRDA:573,42,1,0
BRDA:578,43,0,0
BRDA:578,43,1,0
BRDA:588,44,0,0
BRDA:588,44,1,0
BRDA:597,45,0,0
BRDA:597,45,1,0
BRDA:598,46,0,0
BRDA:598,46,1,0
BRDA:602,47,0,0
BRDA:602,47,1,0
BRF:97
BRH:0
end_of_record
TN:
SF:app\vaccines.js
FN:105,Vaccines
FN:121,(anonymous_1)
FN:134,(anonymous_2)
FN:189,(anonymous_3)
FN:197,(anonymous_4)
FN:207,(anonymous_5)
FN:223,(anonymous_6)
FN:235,(anonymous_7)
FN:242,(anonymous_8)
FN:252,(anonymous_9)
FN:266,(anonymous_10)
FN:271,(anonymous_11)
FN:283,(anonymous_12)
FN:294,(anonymous_13)
FN:304,(anonymous_14)
FN:314,(anonymous_15)
FN:333,(anonymous_16)
FN:338,(anonymous_17)
FN:359,(anonymous_18)
FN:381,(anonymous_19)
FN:479,(anonymous_20)
FN:491,(anonymous_21)
FN:500,(anonymous_22)
FN:501,(anonymous_23)
FN:509,(anonymous_24)
FN:519,(anonymous_25)
FN:535,(anonymous_26)
FN:542,(anonymous_27)
FN:559,(anonymous_28)
FN:573,(anonymous_29)
FN:575,(anonymous_30)
FN:592,(anonymous_31)
FN:695,(anonymous_32)
FN:701,(anonymous_33)
FN:757,(anonymous_34)
FN:785,(anonymous_35)
FN:794,(anonymous_36)
FN:806,(anonymous_37)
FN:822,(anonymous_38)
FN:832,(anonymous_39)
FN:848,(anonymous_40)
FN:874,(anonymous_41)
FN:882,(anonymous_42)
FN:890,(anonymous_43)
FN:898,(anonymous_44)
FN:910,(anonymous_45)
FN:931,(anonymous_46)
FN:946,(anonymous_47)
FN:959,(anonymous_48)
FN:979,(anonymous_49)
FN:998,(anonymous_50)
FN:1017,(anonymous_51)
FN:1037,(anonymous_52)
FN:1051,(anonymous_53)
FN:1065,(anonymous_54)
FN:1079,(anonymous_55)
FN:1097,(anonymous_56)
FN:1111,(anonymous_57)
FN:1126,(anonymous_58)
FN:1137,(anonymous_59)
FN:1148,(anonymous_60)
FN:1159,(anonymous_61)
FN:1170,(anonymous_62)
FN:1186,(anonymous_63)
FN:1198,(anonymous_64)
FN:1212,(anonymous_65)
FNF:66
FNH:0
FNDA:0,Vaccines
FNDA:0,(anonymous_1)
FNDA:0,(anonymous_2)
FNDA:0,(anonymous_3)
FNDA:0,(anonymous_4)
FNDA:0,(anonymous_5)
FNDA:0,(anonymous_6)
FNDA:0,(anonymous_7)
FNDA:0,(anonymous_8)
FNDA:0,(anonymous_9)
FNDA:0,(anonymous_10)
FNDA:0,(anonymous_11)
FNDA:0,(anonymous_12)
FNDA:0,(anonymous_13)
FNDA:0,(anonymous_14)
FNDA:0,(anonymous_15)
FNDA:0,(anonymous_16)
FNDA:0,(anonymous_17)
FNDA:0,(anonymous_18)
FNDA:0,(anonymous_19)
FNDA:0,(anonymous_20)
FNDA:0,(anonymous_21)
FNDA:0,(anonymous_22)
FNDA:0,(anonymous_23)
FNDA:0,(anonymous_24)
FNDA:0,(anonymous_25)
FNDA:0,(anonymous_26)
FNDA:0,(anonymous_27)
FNDA:0,(anonymous_28)
FNDA:0,(anonymous_29)
FNDA:0,(anonymous_30)
FNDA:0,(anonymous_31)
FNDA:0,(anonymous_32)
FNDA:0,(anonymous_33)
FNDA:0,(anonymous_34)
FNDA:0,(anonymous_35)
FNDA:0,(anonymous_36)
FNDA:0,(anonymous_37)
FNDA:0,(anonymous_38)
FNDA:0,(anonymous_39)
FNDA:0,(anonymous_40)
FNDA:0,(anonymous_41)
FNDA:0,(anonymous_42)
FNDA:0,(anonymous_43)
FNDA:0,(anonymous_44)
FNDA:0,(anonymous_45)
FNDA:0,(anonymous_46)
FNDA:0,(anonymous_47)
FNDA:0,(anonymous_48)
FNDA:0,(anonymous_49)
FNDA:0,(anonymous_50)
FNDA:0,(anonymous_51)
FNDA:0,(anonymous_52)
FNDA:0,(anonymous_53)
FNDA:0,(anonymous_54)
FNDA:0,(anonymous_55)
FNDA:0,(anonymous_56)
FNDA:0,(anonymous_57)
FNDA:0,(anonymous_58)
FNDA:0,(anonymous_59)
FNDA:0,(anonymous_60)
FNDA:0,(anonymous_61)
FNDA:0,(anonymous_62)
FNDA:0,(anonymous_63)
FNDA:0,(anonymous_64)
FNDA:0,(anonymous_65)
DA:15,0
DA:53,0
DA:67,0
DA:79,0
DA:88,0
DA:99,0
DA:106,0
DA:107,0
DA:110,0
DA:111,0
DA:112,0
DA:113,0
DA:114,0
DA:115,0
DA:116,0
DA:117,0
DA:118,0
DA:121,0
DA:122,0
DA:123,0
DA:124,0
DA:125,0
DA:126,0
DA:127,0
DA:128,0
DA:130,0
DA:134,0
DA:135,0
DA:136,0
DA:137,0
DA:139,0
DA:141,0
DA:145,0
DA:146,0
DA:150,0
DA:151,0
DA:155,0
DA:156,0
DA:160,0
DA:161,0
DA:164,0
DA:168,0
DA:184,0
DA:185,0
DA:186,0
DA:188,0
DA:190,0
DA:191,0
DA:192,0
DA:197,0
DA:199,0
DA:201,0
DA:202,0
DA:203,0
DA:207,0
DA:208,0
DA:209,0
DA:210,0
DA:211,0
DA:212,0
DA:214,0
DA:215,0
DA:219,0
DA:223,0
DA:224,0
DA:225,0
DA:228,0
DA:229,0
DA:236,0
DA:237,0
DA:243,0
DA:244,0
DA:252,0
DA:253,0
DA:254,0
DA:255,0
DA:256,0
DA:257,0
DA:258,0
DA:259,0
DA:262,0
DA:266,0
DA:267,0
DA:268,0
DA:269,0
DA:270,0
DA:271,0
DA:272,0
DA:273,0
DA:274,0
DA:276,0
DA:279,0
DA:283,0
DA:284,0
DA:285,0
DA:286,0
DA:287,0
DA:290,0
DA:294,0
DA:295,0
DA:296,0
DA:297,0
DA:299,0
DA:300,0
DA:304,0
DA:305,0
DA:306,0
DA:307,0
DA:309,0
DA:310,0
DA:314,0
DA:315,0
DA:329,0
DA:330,0
DA:333,0
DA:334,0
DA:335,0
DA:338,0
DA:339,0
DA:340,0
DA:354,0
DA:355,0
DA:356,0
DA:359,0
DA:360,0
DA:361,0
DA:362,0
DA:376,0
DA:377,0
DA:378,0
DA:381,0
DA:382,0
DA:383,0
DA:384,0
DA:388,0
DA:389,0
DA:390,0
DA:393,0
DA:394,0
DA:395,0
DA:399,0
DA:401,0
DA:402,0
DA:403,0
DA:404,0
DA:405,0
DA:406,0
DA:410,0
DA:424,0
DA:425,0
DA:428,0
DA:429,0
DA:430,0
DA:432,0
DA:436,0
DA:437,0
DA:439,0
DA:443,0
DA:444,0
DA:445,0
DA:446,0
DA:451,0
DA:452,0
DA:453,0
DA:454,0
DA:455,0
DA:456,0
DA:460,0
DA:478,0
DA:479,0
DA:480,0
DA:482,0
DA:483,0
DA:486,0
DA:487,0
DA:488,0
DA:491,0
DA:492,0
DA:501,0
DA:502,0
DA:509,0
DA:510,0
DA:511,0
DA:512,0
DA:513,0
DA:515,0
DA:519,0
DA:520,0
DA:521,0
DA:522,0
DA:523,0
DA:531,0
DA:535,0
DA:536,0
DA:537,0
DA:539,0
DA:542,0
DA:543,0
DA:544,0
DA:545,0
DA:546,0
DA:547,0
DA:548,0
DA:549,0
DA:551,0
DA:552,0
DA:553,0
DA:554,0
DA:556,0
DA:559,0
DA:560,0
DA:562,0
DA:564,0
DA:567,0
DA:571,0
DA:573,0
DA:575,0
DA:577,0
DA:578,0
DA:579,0
DA:580,0
DA:581,0
DA:583,0
DA:592,0
DA:659,0
DA:660,0
DA:662,0
DA:695,0
DA:701,0
DA:720,0
DA:742,0
DA:757,0
DA:786,0
DA:787,0
DA:795,0
DA:796,0
DA:807,0
DA:808,0
DA:809,0
DA:822,0
DA:823,0
DA:832,0
DA:848,0
DA:874,0
DA:882,0
DA:890,0
DA:898,0
DA:910,0
DA:932,0
DA:933,0
DA:947,0
DA:948,0
DA:959,0
DA:979,0
DA:998,0
DA:1017,0
DA:1037,0
DA:1052,0
DA:1053,0
DA:1054,0
DA:1065,0
DA:1080,0
DA:1081,0
DA:1082,0
DA:1097,0
DA:1112,0
DA:1113,0
DA:1114,0
DA:1126,0
DA:1137,0
DA:1148,0
DA:1159,0
DA:1170,0
DA:1186,0
DA:1198,0
DA:1213,0
DA:1214,0
DA:1236,0
LF:278
LH:0
BRDA:122,0,0,0
BRDA:122,0,1,0
BRDA:127,1,0,0
BRDA:127,1,1,0
BRDA:127,2,0,0
BRDA:127,2,1,0
BRDA:127,2,2,0
BRDA:135,3,0,0
BRDA:135,3,1,0
BRDA:136,4,0,0
BRDA:136,4,1,0
BRDA:139,5,0,0
BRDA:139,5,1,0
BRDA:145,6,0,0
BRDA:145,6,1,0
BRDA:150,7,0,0
BRDA:150,7,1,0
BRDA:150,8,0,0
BRDA:150,8,1,0
BRDA:155,9,0,0
BRDA:155,9,1,0
BRDA:160,10,0,0
BRDA:160,10,1,0
BRDA:160,11,0,0
BRDA:160,11,1,0
BRDA:210,12,0,0
BRDA:210,12,1,0
BRDA:214,13,0,0
BRDA:214,13,1,0
BRDA:224,14,0,0
BRDA:224,14,1,0
BRDA:228,15,0,0
BRDA:228,15,1,0
BRDA:255,16,0,0
BRDA:255,16,1,0
BRDA:269,17,0,0
BRDA:269,17,1,0
BRDA:272,18,0,0
BRDA:272,18,1,0
BRDA:272,18,2,0
BRDA:273,19,0,0
BRDA:273,19,1,0
BRDA:273,19,2,0
BRDA:286,20,0,0
BRDA:286,20,1,0
BRDA:339,21,0,0
BRDA:339,21,1,0
BRDA:341,22,0,0
BRDA:341,22,1,0
BRDA:342,23,0,0
BRDA:342,23,1,0
BRDA:345,24,0,0
BRDA:345,24,1,0
BRDA:346,25,0,0
BRDA:346,25,1,0
BRDA:347,26,0,0
BRDA:347,26,1,0
BRDA:348,27,0,0
BRDA:348,27,1,0
BRDA:349,28,0,0
BRDA:349,28,1,0
BRDA:350,29,0,0
BRDA:350,29,1,0
BRDA:351,30,0,0
BRDA:351,30,1,0
BRDA:352,31,0,0
BRDA:352,31,1,0
BRDA:360,32,0,0
BRDA:360,32,1,0
BRDA:361,33,0,0
BRDA:361,33,1,0
BRDA:363,34,0,0
BRDA:363,34,1,0
BRDA:363,34,2,0
BRDA:364,35,0,0
BRDA:364,35,1,0
BRDA:367,36,0,0
BRDA:367,36,1,0
BRDA:368,37,0,0
BRDA:368,37,1,0
BRDA:368,37,2,0
BRDA:369,38,0,0
BRDA:369,38,1,0
BRDA:370,39,0,0
BRDA:370,39,1,0
BRDA:371,40,0,0
BRDA:371,40,1,0
BRDA:372,41,0,0
BRDA:372,41,1,0
BRDA:373,42,0,0
BRDA:373,42,1,0
BRDA:374,43,0,0
BRDA:374,43,1,0
BRDA:382,44,0,0
BRDA:382,44,1,0
BRDA:388,45,0,0
BRDA:388,45,1,0
BRDA:388,46,0,0
BRDA:388,46,1,0
BRDA:393,47,0,0
BRDA:393,47,1,0
BRDA:393,48,0,0
BRDA:393,48,1,0
BRDA:399,49,0,0
BRDA:399,49,1,0
BRDA:402,50,0,0
BRDA:402,50,1,0
BRDA:404,51,0,0
BRDA:404,51,1,0
BRDA:412,52,0,0
BRDA:412,52,1,0
BRDA:413,53,0,0
BRDA:413,53,1,0
BRDA:428,54,0,0
BRDA:428,54,1,0
BRDA:428,55,0,0
BRDA:428,55,1,0
BRDA:428,55,2,0
BRDA:452,56,0,0
BRDA:452,56,1,0
BRDA:454,57,0,0
BRDA:454,57,1,0
BRDA:461,58,0,0
BRDA:461,58,1,0
BRDA:464,59,0,0
BRDA:464,59,1,0
BRDA:465,60,0,0
BRDA:465,60,1,0
BRDA:473,61,0,0
BRDA:473,61,1,0
BRDA:478,62,0,0
BRDA:478,62,1,0
BRDA:479,63,0,0
BRDA:479,63,1,0
BRDA:510,64,0,0
BRDA:510,64,1,0
BRDA:520,65,0,0
BRDA:520,65,1,0
BRDA:536,66,0,0
BRDA:536,66,1,0
BRDA:536,67,0,0
BRDA:536,67,1,0
BRDA:536,67,2,0
BRDA:536,67,3,0
BRDA:543,68,0,0
BRDA:543,68,1,0
BRDA:551,69,0,0
BRDA:551,69,1,0
BRDA:553,70,0,0
BRDA:553,70,1,0
BRDA:560,71,0,0
BRDA:560,71,1,0
BRDA:560,71,2,0
BRDA:560,71,3,0
BRDA:571,72,0,0
BRDA:571,72,1,0
BRDA:575,73,0,0
BRDA:577,74,0,0
BRDA:577,74,1,0
BRDA:577,75,0,0
BRDA:577,75,1,0
BRDA:579,76,0,0
BRDA:579,76,1,0
BRDA:589,77,0,0
BRDA:589,77,1,0
BRDA:590,78,0,0
BRDA:590,78,1,0
BRDA:598,79,0,0
BRDA:598,79,1,0
BRDA:599,80,0,0
BRDA:599,80,1,0
BRDA:606,81,0,0
BRDA:606,81,1,0
BRDA:607,82,0,0
BRDA:607,82,1,0
BRDA:608,83,0,0
BRDA:608,83,1,0
BRDA:608,83,2,0
BRDA:609,84,0,0
BRDA:609,84,1,0
BRDA:617,85,0,0
BRDA:617,85,1,0
BRDA:623,86,0,0
BRDA:623,86,1,0
BRDA:628,87,0,0
BRDA:628,87,1,0
BRDA:630,88,0,0
BRDA:630,88,1,0
BRDA:632,89,0,0
BRDA:632,89,1,0
BRDA:639,90,0,0
BRDA:639,90,1,0
BRDA:642,91,0,0
BRDA:642,91,1,0
BRDA:645,92,0,0
BRDA:645,92,1,0
BRDA:648,93,0,0
BRDA:648,93,1,0
BRDA:659,94,0,0
BRDA:659,94,1,0
BRDA:674,95,0,0
BRDA:674,95,1,0
BRDA:678,96,0,0
BRDA:678,96,1,0
BRDA:678,96,2,0
BRDA:685,97,0,0
BRDA:685,97,1,0
BRDA:685,97,2,0
BRDA:709,98,0,0
BRDA:709,98,1,0
BRDA:724,99,0,0
BRDA:724,99,1,0
BRDA:725,100,0,0
BRDA:725,100,1,0
BRDA:726,101,0,0
BRDA:726,101,1,0
BRDA:729,102,0,0
BRDA:729,102,1,0
BRDA:732,103,0,0
BRDA:732,103,1,0
BRDA:735,104,0,0
BRDA:735,104,1,0
BRDA:745,105,0,0
BRDA:745,105,1,0
BRDA:746,106,0,0
BRDA:746,106,1,0
BRDA:766,107,0,0
BRDA:766,107,1,0
BRDA:771,108,0,0
BRDA:771,108,1,0
BRDA:777,109,0,0
BRDA:777,109,1,0
BRDA:777,109,2,0
BRDA:808,110,0,0
BRDA:808,110,1,0
BRDA:868,111,0,0
BRDA:868,111,1,0
BRDA:873,112,0,0
BRDA:873,112,1,0
BRDA:876,113,0,0
BRDA:876,113,1,0
BRDA:881,114,0,0
BRDA:881,114,1,0
BRDA:884,115,0,0
BRDA:884,115,1,0
BRDA:889,116,0,0
BRDA:889,116,1,0
BRDA:892,117,0,0
BRDA:892,117,1,0
BRDA:897,118,0,0
BRDA:897,118,1,0
BRDA:900,119,0,0
BRDA:900,119,1,0
BRDA:908,120,0,0
BRDA:908,120,1,0
BRDA:912,121,0,0
BRDA:912,121,1,0
BRDA:940,122,0,0
BRDA:940,122,1,0
BRDA:941,123,0,0
BRDA:941,123,1,0
BRDA:942,124,0,0
BRDA:942,124,1,0
BRDA:964,125,0,0
BRDA:964,125,1,0
BRDA:976,126,0,0
BRDA:976,126,1,0
BRDA:977,127,0,0
BRDA:977,127,1,0
BRDA:981,128,0,0
BRDA:981,128,1,0
BRDA:984,129,0,0
BRDA:984,129,1,0
BRDA:985,130,0,0
BRDA:985,130,1,0
BRDA:995,131,0,0
BRDA:995,131,1,0
BRDA:996,132,0,0
BRDA:996,132,1,0
BRDA:1000,133,0,0
BRDA:1000,133,1,0
BRDA:1003,134,0,0
BRDA:1003,134,1,0
BRDA:1004,135,0,0
BRDA:1004,135,1,0
BRDA:1014,136,0,0
BRDA:1014,136,1,0
BRDA:1015,137,0,0
BRDA:1015,137,1,0
BRDA:1019,138,0,0
BRDA:1019,138,1,0
BRDA:1022,139,0,0
BRDA:1022,139,1,0
BRDA:1023,140,0,0
BRDA:1023,140,1,0
BRDA:1031,141,0,0
BRDA:1031,141,1,0
BRDA:1041,142,0,0
BRDA:1041,142,1,0
BRDA:1046,143,0,0
BRDA:1046,143,1,0
BRDA:1048,144,0,0
BRDA:1048,144,1,0
BRDA:1050,145,0,0
BRDA:1050,145,1,0
BRDA:1053,146,0,0
BRDA:1053,146,1,0
BRDA:1069,147,0,0
BRDA:1069,147,1,0
BRDA:1074,148,0,0
BRDA:1074,148,1,0
BRDA:1076,149,0,0
BRDA:1076,149,1,0
BRDA:1078,150,0,0
BRDA:1078,150,1,0
BRDA:1081,151,0,0
BRDA:1081,151,1,0
BRDA:1091,152,0,0
BRDA:1091,152,1,0
BRDA:1101,153,0,0
BRDA:1101,153,1,0
BRDA:1106,154,0,0
BRDA:1106,154,1,0
BRDA:1108,155,0,0
BRDA:1108,155,1,0
BRDA:1110,156,0,0
BRDA:1110,156,1,0
BRDA:1113,157,0,0
BRDA:1113,157,1,0
BRDA:1224,158,0,0
BRDA:1224,158,1,0
BRDA:1224,159,0,0
BRDA:1224,159,1,0
BRDA:1295,160,0,0
BRDA:1295,160,1,0
BRDA:1295,161,0,0
BRDA:1295,161,1,0
BRDA:1302,162,0,0
BRDA:1302,162,1,0
BRDA:1302,163,0,0
BRDA:1302,163,1,0
BRF:341
BRH:0
end_of_record
TN:
SF:app\auth\biometric-prompt.js
FN:8,BiometricPrompt
FN:16,(anonymous_1)
FN:17,(anonymous_2)
FN:55,(anonymous_3)
FN:127,(anonymous_4)
FN:135,(anonymous_5)
FNF:6
FNH:0
FNDA:0,BiometricPrompt
FNDA:0,(anonymous_1)
FNDA:0,(anonymous_2)
FNDA:0,(anonymous_3)
FNDA:0,(anonymous_4)
FNDA:0,(anonymous_5)
DA:9,0
DA:10,0
DA:11,0
DA:12,0
DA:13,0
DA:14,0
DA:16,0
DA:17,0
DA:19,0
DA:22,0
DA:23,0
DA:24,0
DA:27,0
DA:30,0
DA:31,0
DA:32,0
DA:35,0
DA:36,0
DA:38,0
DA:40,0
DA:41,0
DA:43,0
DA:47,0
DA:52,0
DA:55,0
DA:56,0
DA:57,0
DA:60,0
DA:63,0
DA:64,0
DA:67,0
DA:70,0
DA:72,0
DA:74,0
DA:76,0
DA:77,0
DA:81,0
DA:83,0
DA:85,0
DA:86,0
DA:90,0
DA:92,0
DA:96,0
DA:97,0
DA:98,0
DA:100,0
DA:103,0
DA:106,0
DA:108,0
DA:109,0
DA:112,0
DA:114,0
DA:118,0
DA:120,0
DA:121,0
DA:123,0
DA:127,0
DA:129,0
DA:135,0
DA:136,0
DA:137,0
DA:138,0
DA:140,0
DA:143,0
DA:147,0
DA:149,0
DA:151,0
DA:153,0
DA:157,0
DA:158,0
DA:166,0
DA:167,0
DA:170,0
DA:217,0
LF:74
LH:0
BRDA:23,0,0,0
BRDA:23,0,1,0
BRDA:35,1,0,0
BRDA:35,1,1,0
BRDA:35,2,0,0
BRDA:35,2,1,0
BRDA:36,3,0,0
BRDA:36,3,1,0
BRDA:38,4,0,0
BRDA:38,4,1,0
BRDA:40,5,0,0
BRDA:40,5,1,0
BRDA:56,6,0,0
BRDA:56,6,1,0
BRDA:70,7,0,0
BRDA:70,7,1,0
BRDA:72,8,0,0
BRDA:72,8,1,0
BRDA:81,9,0,0
BRDA:81,9,1,0
BRDA:90,10,0,0
BRDA:90,10,1,0
BRDA:90,11,0,0
BRDA:90,11,1,0
BRDA:108,12,0,0
BRDA:108,12,1,0
BRDA:149,13,0,0
BRDA:149,13,1,0
BRDA:157,14,0,0
BRDA:157,14,1,0
BRDA:166,15,0,0
BRDA:166,15,1,0
BRDA:166,16,0,0
BRDA:166,16,1,0
BRDA:191,17,0,0
BRDA:191,17,1,0
BRF:36
BRH:0
end_of_record
TN:
SF:app\auth\biometric-suggestion.js
FN:7,(anonymous_0)
FN:16,BiometricSuggestion
FN:22,(anonymous_2)
FN:26,(anonymous_3)
FN:31,(anonymous_4)
FN:47,(anonymous_5)
FNF:6
FNH:0
FNDA:0,(anonymous_0)
FNDA:0,BiometricSuggestion
FNDA:0,(anonymous_2)
FNDA:0,(anonymous_3)
FNDA:0,(anonymous_4)
FNDA:0,(anonymous_5)
DA:7,0
DA:8,0
DA:9,0
DA:10,0
DA:12,0
DA:17,0
DA:18,0
DA:19,0
DA:20,0
DA:22,0
DA:23,0
DA:26,0
DA:27,0
DA:28,0
DA:29,0
DA:31,0
DA:33,0
DA:36,0
DA:37,0
DA:38,0
DA:42,0
DA:45,0
DA:46,0
DA:47,0
DA:48,0
DA:50,0
DA:52,0
DA:53,0
DA:57,0
DA:59,0
DA:64,0
DA:65,0
DA:66,0
DA:68,0
DA:69,0
DA:74,0
DA:81,0
DA:82,0
DA:83,0
DA:85,0
DA:87,0
DA:88,0
DA:89,0
DA:93,0
DA:116,0
LF:45
LH:0
BRDA:8,0,0,0
BRDA:8,0,1,0
BRDA:27,1,0,0
BRDA:27,1,1,0
BRDA:36,2,0,0
BRDA:36,2,1,0
BRDA:45,3,0,0
BRDA:45,3,1,0
BRDA:50,4,0,0
BRDA:50,4,1,0
BRDA:59,5,0,0
BRDA:59,5,1,0
BRDA:61,6,0,0
BRDA:61,6,1,0
BRDA:65,7,0,0
BRDA:65,7,1,0
BRDA:74,8,0,0
BRDA:74,8,1,0
BRDA:76,9,0,0
BRDA:76,9,1,0
BRDA:78,10,0,0
BRDA:78,10,1,0
BRDA:82,11,0,0
BRDA:82,11,1,0
BRDA:102,12,0,0
BRDA:102,12,1,0
BRF:26
BRH:0
end_of_record
TN:
SF:app\auth\forgot-password.js
FN:7,(anonymous_0)
FN:33,ForgotPassword
FN:38,(anonymous_2)
FN:85,(anonymous_3)
FNF:4
FNH:0
FNDA:0,(anonymous_0)
FNDA:0,ForgotPassword
FNDA:0,(anonymous_2)
FNDA:0,(anonymous_3)
DA:7,0
DA:8,0
DA:9,0
DA:10,0
DA:12,0
DA:13,0
DA:14,0
DA:15,0
DA:17,0
DA:18,0
DA:21,0
DA:22,0
DA:24,0
DA:25,0
DA:27,0
DA:28,0
DA:30,0
DA:34,0
DA:35,0
DA:36,0
DA:38,0
DA:39,0
DA:40,0
DA:41,0
DA:43,0
DA:44,0
DA:45,0
DA:46,0
DA:49,0
DA:50,0
DA:52,0
DA:53,0
DA:55,0
DA:59,0
DA:85,0
DA:93,0
LF:36
LH:0
BRDA:9,0,0,0
BRDA:9,0,1,0
BRDA:12,1,0,0
BRDA:12,1,1,0
BRDA:12,2,0,0
BRDA:12,2,1,0
BRDA:14,3,0,0
BRDA:14,3,1,0
BRDA:17,4,0,0
BRDA:17,4,1,0
BRDA:21,5,0,0
BRDA:21,5,1,0
BRDA:24,6,0,0
BRDA:24,6,1,0
BRDA:27,7,0,0
BRDA:27,7,1,0
BRDA:39,8,0,0
BRDA:39,8,1,0
BRDA:46,9,0,0
BRDA:46,9,1,0
BRDA:62,10,0,0
BRDA:62,10,1,0
BRDA:82,11,0,0
BRDA:82,11,1,0
BRF:24
BRH:0
end_of_record
TN:
SF:app\auth\login.js
FN:14,(anonymous_0)
FN:40,Login
FN:55,(anonymous_2)
FN:57,(anonymous_3)
FN:82,(anonymous_4)
FN:87,(anonymous_5)
FN:91,(anonymous_6)
FN:99,(anonymous_7)
FN:104,(anonymous_8)
FN:109,(anonymous_9)
FN:114,(anonymous_10)
FN:134,(anonymous_11)
FN:149,(anonymous_12)
FN:177,(anonymous_13)
FN:193,(anonymous_14)
FN:200,(anonymous_15)
FN:203,(anonymous_16)
FN:214,(anonymous_17)
FN:214,(anonymous_18)
FN:270,(anonymous_19)
FN:273,(anonymous_20)
FN:276,(anonymous_21)
FNF:22
FNH:0
FNDA:0,(anonymous_0)
FNDA:0,Login
FNDA:0,(anonymous_2)
FNDA:0,(anonymous_3)
FNDA:0,(anonymous_4)
FNDA:0,(anonymous_5)
FNDA:0,(anonymous_6)
FNDA:0,(anonymous_7)
FNDA:0,(anonymous_8)
FNDA:0,(anonymous_9)
FNDA:0,(anonymous_10)
FNDA:0,(anonymous_11)
FNDA:0,(anonymous_12)
FNDA:0,(anonymous_13)
FNDA:0,(anonymous_14)
FNDA:0,(anonymous_15)
FNDA:0,(anonymous_16)
FNDA:0,(anonymous_17)
FNDA:0,(anonymous_18)
FNDA:0,(anonymous_19)
FNDA:0,(anonymous_20)
FNDA:0,(anonymous_21)
DA:14,0
DA:15,0
DA:16,0
DA:17,0
DA:19,0
DA:20,0
DA:21,0
DA:22,0
DA:24,0
DA:25,0
DA:28,0
DA:29,0
DA:31,0
DA:32,0
DA:34,0
DA:35,0
DA:37,0
DA:41,0
DA:42,0
DA:43,0
DA:44,0
DA:45,0
DA:46,0
DA:47,0
DA:48,0
DA:49,0
DA:50,0
DA:51,0
DA:52,0
DA:53,0
DA:55,0
DA:56,0
DA:57,0
DA:59,0
DA:62,0
DA:63,0
DA:66,0
DA:69,0
DA:70,0
DA:71,0
DA:77,0
DA:81,0
DA:82,0
DA:83,0
DA:87,0
DA:88,0
DA:91,0
DA:92,0
DA:93,0
DA:95,0
DA:96,0
DA:97,0
DA:100,0
DA:101,0
DA:105,0
DA:106,0
DA:109,0
DA:110,0
DA:114,0
DA:115,0
DA:116,0
DA:117,0
DA:118,0
DA:120,0
DA:121,0
DA:122,0
DA:123,0
DA:124,0
DA:127,0
DA:128,0
DA:130,0
DA:134,0
DA:135,0
DA:136,0
DA:137,0
DA:140,0
DA:141,0
DA:142,0
DA:149,0
DA:152,0
DA:155,0
DA:157,0
DA:158,0
DA:159,0
DA:160,0
DA:168,0
DA:170,0
DA:171,0
DA:173,0
DA:177,0
DA:178,0
DA:179,0
DA:180,0
DA:181,0
DA:182,0
DA:183,0
DA:185,0
DA:187,0
DA:189,0
DA:193,0
DA:194,0
DA:195,0
DA:197,0
DA:198,0
DA:199,0
DA:200,0
DA:201,0
DA:203,0
DA:204,0
DA:208,0
DA:214,0
DA:270,0
DA:273,0
DA:276,0
DA:284,0
LF:115
LH:0
BRDA:16,0,0,0
BRDA:16,0,1,0
BRDA:19,1,0,0
BRDA:19,1,1,0
BRDA:19,2,0,0
BRDA:19,2,1,0
BRDA:21,3,0,0
BRDA:21,3,1,0
BRDA:24,4,0,0
BRDA:24,4,1,0
BRDA:28,5,0,0
BRDA:28,5,1,0
BRDA:31,6,0,0
BRDA:31,6,1,0
BRDA:34,7,0,0
BRDA:34,7,1,0
BRDA:63,8,0,0
BRDA:63,8,1,0
BRDA:69,9,0,0
BRDA:69,9,1,0
BRDA:88,10,0,0
BRDA:88,10,1,0
BRDA:92,11,0,0
BRDA:92,11,1,0
BRDA:100,12,0,0
BRDA:100,12,1,0
BRDA:105,13,0,0
BRDA:105,13,1,0
BRDA:117,14,0,0
BRDA:117,14,1,0
BRDA:120,15,0,0
BRDA:120,15,1,0
BRDA:122,16,0,0
BRDA:122,16,1,0
BRDA:135,17,0,0
BRDA:135,17,1,0
BRDA:135,18,0,0
BRDA:135,18,1,0
BRDA:152,19,0,0
BRDA:152,19,1,0
BRDA:158,20,0,0
BRDA:158,20,1,0
BRDA:158,20,2,0
BRDA:159,21,0,0
BRDA:159,21,1,0
BRDA:181,22,0,0
BRDA:181,22,1,0
BRDA:194,23,0,0
BRDA:194,23,1,0
BRDA:198,24,0,0
BRDA:198,24,1,0
BRDA:211,25,0,0
BRDA:211,25,1,0
BRDA:221,26,0,0
BRDA:221,26,1,0
BRDA:224,27,0,0
BRDA:224,27,1,0
BRDA:226,28,0,0
BRDA:226,28,1,0
BRDA:227,29,0,0
BRDA:227,29,1,0
BRDA:230,30,0,0
BRDA:230,30,1,0
BRDA:261,31,0,0
BRDA:261,31,1,0
BRDA:264,32,0,0
BRDA:264,32,1,0
BRDA:264,33,0,0
BRDA:264,33,1,0
BRF:69
BRH:0
end_of_record
TN:
SF:app\auth\register.js
FN:8,(anonymous_0)
FN:34,Register
FN:41,(anonymous_2)
FN:93,(anonymous_3)
FN:107,(anonymous_4)
FN:172,(anonymous_5)
FNF:6
FNH:0
FNDA:0,(anonymous_0)
FNDA:0,Register
FNDA:0,(anonymous_2)
FNDA:0,(anonymous_3)
FNDA:0,(anonymous_4)
FNDA:0,(anonymous_5)
DA:8,0
DA:9,0
DA:10,0
DA:11,0
DA:13,0
DA:14,0
DA:15,0
DA:16,0
DA:18,0
DA:19,0
DA:22,0
DA:23,0
DA:25,0
DA:26,0
DA:28,0
DA:29,0
DA:31,0
DA:35,0
DA:36,0
DA:37,0
DA:38,0
DA:39,0
DA:41,0
DA:42,0
DA:43,0
DA:44,0
DA:46,0
DA:47,0
DA:48,0
DA:50,0
DA:51,0
DA:52,0
DA:55,0
DA:56,0
DA:57,0
DA:58,0
DA:59,0
DA:60,0
DA:61,0
DA:62,0
DA:63,0
DA:65,0
DA:66,0
DA:68,0
DA:69,0
DA:73,0
DA:74,0
DA:76,0
DA:78,0
DA:79,0
DA:80,0
DA:81,0
DA:82,0
DA:83,0
DA:84,0
DA:86,0
DA:87,0
DA:94,0
DA:95,0
DA:96,0
DA:97,0
DA:100,0
DA:101,0
DA:103,0
DA:107,0
DA:111,0
DA:113,0
DA:114,0
DA:116,0
DA:120,0
DA:172,0
DA:180,0
LF:72
LH:0
BRDA:10,0,0,0
BRDA:10,0,1,0
BRDA:13,1,0,0
BRDA:13,1,1,0
BRDA:13,2,0,0
BRDA:13,2,1,0
BRDA:15,3,0,0
BRDA:15,3,1,0
BRDA:18,4,0,0
BRDA:18,4,1,0
BRDA:22,5,0,0
BRDA:22,5,1,0
BRDA:25,6,0,0
BRDA:25,6,1,0
BRDA:28,7,0,0
BRDA:28,7,1,0
BRDA:42,8,0,0
BRDA:42,8,1,0
BRDA:42,9,0,0
BRDA:42,9,1,0
BRDA:46,10,0,0
BRDA:46,10,1,0
BRDA:50,11,0,0
BRDA:50,11,1,0
BRDA:58,12,0,0
BRDA:58,12,1,0
BRDA:60,13,0,0
BRDA:60,13,1,0
BRDA:62,14,0,0
BRDA:62,14,1,0
BRDA:65,15,0,0
BRDA:65,15,1,0
BRDA:68,16,0,0
BRDA:68,16,1,0
BRDA:79,17,0,0
BRDA:79,17,1,0
BRDA:79,17,2,0
BRDA:80,18,0,0
BRDA:80,18,1,0
BRDA:83,19,0,0
BRDA:83,19,1,0
BRDA:86,20,0,0
BRDA:86,20,1,0
BRDA:95,21,0,0
BRDA:95,21,1,0
BRDA:123,22,0,0
BRDA:123,22,1,0
BRDA:169,23,0,0
BRDA:169,23,1,0
BRF:49
BRH:0
end_of_record
TN:
SF:app\auth\reset-password.js
FN:9,(anonymous_0)
FN:35,ResetPassword
FN:43,(anonymous_2)
FN:44,(anonymous_3)
FN:58,(anonymous_4)
FN:59,(anonymous_5)
FN:62,(anonymous_6)
FN:152,(anonymous_7)
FNF:8
FNH:0
FNDA:0,(anonymous_0)
FNDA:0,ResetPassword
FNDA:0,(anonymous_2)
FNDA:0,(anonymous_3)
FNDA:0,(anonymous_4)
FNDA:0,(anonymous_5)
FNDA:0,(anonymous_6)
FNDA:0,(anonymous_7)
DA:9,0
DA:10,0
DA:11,0
DA:12,0
DA:14,0
DA:15,0
DA:16,0
DA:17,0
DA:19,0
DA:20,0
DA:23,0
DA:24,0
DA:26,0
DA:27,0
DA:29,0
DA:30,0
DA:32,0
DA:36,0
DA:37,0
DA:38,0
DA:39,0
DA:40,0
DA:41,0
DA:43,0
DA:44,0
DA:45,0
DA:46,0
DA:47,0
DA:48,0
DA:49,0
DA:51,0
DA:52,0
DA:57,0
DA:58,0
DA:59,0
DA:62,0
DA:63,0
DA:64,0
DA:65,0
DA:67,0
DA:68,0
DA:69,0
DA:71,0
DA:72,0
DA:73,0
DA:75,0
DA:76,0
DA:77,0
DA:80,0
DA:81,0
DA:82,0
DA:83,0
DA:84,0
DA:86,0
DA:87,0
DA:89,0
DA:93,0
DA:152,0
DA:160,0
LF:59
LH:0
BRDA:11,0,0,0
BRDA:11,0,1,0
BRDA:14,1,0,0
BRDA:14,1,1,0
BRDA:14,2,0,0
BRDA:14,2,1,0
BRDA:16,3,0,0
BRDA:16,3,1,0
BRDA:19,4,0,0
BRDA:19,4,1,0
BRDA:23,5,0,0
BRDA:23,5,1,0
BRDA:26,6,0,0
BRDA:26,6,1,0
BRDA:29,7,0,0
BRDA:29,7,1,0
BRDA:45,8,0,0
BRDA:45,8,1,0
BRDA:47,9,0,0
BRDA:47,9,1,0
BRDA:48,10,0,0
BRDA:48,10,1,0
BRDA:51,11,0,0
BRDA:51,11,1,0
BRDA:63,12,0,0
BRDA:63,12,1,0
BRDA:63,13,0,0
BRDA:63,13,1,0
BRDA:67,14,0,0
BRDA:67,14,1,0
BRDA:71,15,0,0
BRDA:71,15,1,0
BRDA:75,16,0,0
BRDA:75,16,1,0
BRDA:96,17,0,0
BRDA:96,17,1,0
BRDA:149,18,0,0
BRDA:149,18,1,0
BRF:38
BRH:0
end_of_record
TN:
SF:app\auth\verify-email.js
FN:8,(anonymous_0)
FN:34,VerifyEmail
FN:41,(anonymous_2)
FN:42,(anonymous_3)
FN:56,(anonymous_4)
FN:57,(anonymous_5)
FN:60,(anonymous_6)
FN:78,(anonymous_7)
FN:138,(anonymous_8)
FNF:9
FNH:0
FNDA:0,(anonymous_0)
FNDA:0,VerifyEmail
FNDA:0,(anonymous_2)
FNDA:0,(anonymous_3)
FNDA:0,(anonymous_4)
FNDA:0,(anonymous_5)
FNDA:0,(anonymous_6)
FNDA:0,(anonymous_7)
FNDA:0,(anonymous_8)
DA:8,0
DA:9,0
DA:10,0
DA:11,0
DA:13,0
DA:14,0
DA:15,0
DA:16,0
DA:18,0
DA:19,0
DA:22,0
DA:23,0
DA:25,0
DA:26,0
DA:28,0
DA:29,0
DA:31,0
DA:35,0
DA:36,0
DA:37,0
DA:38,0
DA:39,0
DA:41,0
DA:42,0
DA:43,0
DA:44,0
DA:45,0
DA:46,0
DA:47,0
DA:49,0
DA:50,0
DA:55,0
DA:56,0
DA:57,0
DA:60,0
DA:61,0
DA:62,0
DA:63,0
DA:65,0
DA:66,0
DA:67,0
DA:68,0
DA:69,0
DA:71,0
DA:72,0
DA:74,0
DA:78,0
DA:79,0
DA:80,0
DA:81,0
DA:83,0
DA:84,0
DA:85,0
DA:86,0
DA:89,0
DA:91,0
DA:92,0
DA:94,0
DA:98,0
DA:138,0
DA:146,0
LF:61
LH:0
BRDA:10,0,0,0
BRDA:10,0,1,0
BRDA:13,1,0,0
BRDA:13,1,1,0
BRDA:13,2,0,0
BRDA:13,2,1,0
BRDA:15,3,0,0
BRDA:15,3,1,0
BRDA:18,4,0,0
BRDA:18,4,1,0
BRDA:22,5,0,0
BRDA:22,5,1,0
BRDA:25,6,0,0
BRDA:25,6,1,0
BRDA:28,7,0,0
BRDA:28,7,1,0
BRDA:43,8,0,0
BRDA:43,8,1,0
BRDA:45,9,0,0
BRDA:45,9,1,0
BRDA:46,10,0,0
BRDA:46,10,1,0
BRDA:49,11,0,0
BRDA:49,11,1,0
BRDA:61,12,0,0
BRDA:61,12,1,0
BRDA:61,13,0,0
BRDA:61,13,1,0
BRDA:79,14,0,0
BRDA:79,14,1,0
BRDA:86,15,0,0
BRDA:86,15,1,0
BRDA:101,16,0,0
BRDA:101,16,1,0
BRDA:131,17,0,0
BRDA:131,17,1,0
BRDA:135,18,0,0
BRDA:135,18,1,0
BRF:38
BRH:0
end_of_record
TN:
SF:app\daily-tracking\[id].js
FN:41,DailyTrackingDetail
FN:48,(anonymous_1)
FN:52,(anonymous_2)
FN:58,(anonymous_3)
FN:71,(anonymous_4)
FN:80,(anonymous_5)
FN:84,(anonymous_6)
FN:94,(anonymous_7)
FN:119,(anonymous_8)
FN:160,(anonymous_9)
FN:168,(anonymous_10)
FNF:11
FNH:0
FNDA:0,DailyTrackingDetail
FNDA:0,(anonymous_1)
FNDA:0,(anonymous_2)
FNDA:0,(anonymous_3)
FNDA:0,(anonymous_4)
FNDA:0,(anonymous_5)
FNDA:0,(anonymous_6)
FNDA:0,(anonymous_7)
FNDA:0,(anonymous_8)
FNDA:0,(anonymous_9)
FNDA:0,(anonymous_10)
DA:8,0
DA:19,0
DA:30,0
DA:42,0
DA:43,0
DA:44,0
DA:45,0
DA:46,0
DA:48,0
DA:49,0
DA:52,0
DA:53,0
DA:54,0
DA:56,0
DA:57,0
DA:58,0
DA:59,0
DA:62,0
DA:64,0
DA:65,0
DA:67,0
DA:71,0
DA:72,0
DA:81,0
DA:82,0
DA:83,0
DA:84,0
DA:86,0
DA:94,0
DA:95,0
DA:96,0
DA:105,0
DA:106,0
DA:113,0
DA:114,0
DA:116,0
DA:119,0
DA:160,0
DA:168,0
DA:179,0
LF:40
LH:0
BRDA:56,0,0,0
BRDA:56,0,1,0
BRDA:82,1,0,0
BRDA:82,1,1,0
BRDA:86,2,0,0
BRDA:86,2,1,0
BRDA:105,3,0,0
BRDA:105,3,1,0
BRDA:105,4,0,0
BRDA:105,4,1,0
BRDA:113,5,0,0
BRDA:113,5,1,0
BRDA:114,6,0,0
BRDA:114,6,1,0
BRDA:141,7,0,0
BRDA:141,7,1,0
BRDA:150,8,0,0
BRDA:150,8,1,0
BRF:18
BRH:0
end_of_record
TN:
SF:app\daily-tracking\chart.js
FN:29,DailyTrackingChart
FN:36,(anonymous_1)
FN:44,(anonymous_2)
FN:72,(anonymous_3)
FN:99,(anonymous_4)
FN:119,(anonymous_5)
FNF:6
FNH:0
FNDA:0,DailyTrackingChart
FNDA:0,(anonymous_1)
FNDA:0,(anonymous_2)
FNDA:0,(anonymous_3)
FNDA:0,(anonymous_4)
FNDA:0,(anonymous_5)
DA:9,0
DA:21,0
DA:30,0
DA:31,0
DA:32,0
DA:33,0
DA:34,0
DA:36,0
DA:37,0
DA:38,0
DA:40,0
DA:44,0
DA:45,0
DA:46,0
DA:47,0
DA:49,0
DA:50,0
DA:51,0
DA:54,0
DA:60,0
DA:61,0
DA:62,0
DA:64,0
DA:68,0
DA:69,0
DA:72,0
DA:86,0
DA:87,0
DA:95,0
DA:96,0
DA:99,0
DA:116,0
DA:119,0
DA:157,0
LF:34
LH:0
BRDA:37,0,0,0
BRDA:37,0,1,0
BRDA:49,1,0,0
BRDA:49,1,1,0
BRDA:56,2,0,0
BRDA:56,2,1,0
BRDA:57,3,0,0
BRDA:57,3,1,0
BRDA:68,4,0,0
BRDA:68,4,1,0
BRDA:86,5,0,0
BRDA:86,5,1,0
BRDA:95,6,0,0
BRDA:95,6,1,0
BRDA:95,7,0,0
BRDA:95,7,1,0
BRDA:142,8,0,0
BRDA:142,8,1,0
BRF:18
BRH:0
end_of_record
TN:
SF:app\daily-tracking\new.js
FN:36,NewDailyTracking
FN:50,(anonymous_1)
FN:56,(anonymous_2)
FN:60,(anonymous_3)
FN:86,(anonymous_4)
FN:109,(anonymous_5)
FN:137,(anonymous_6)
FN:194,(anonymous_7)
FN:196,(anonymous_8)
FN:221,(anonymous_9)
FN:241,(anonymous_10)
FN:255,(anonymous_11)
FN:268,(anonymous_12)
FN:285,(anonymous_13)
FN:292,(anonymous_14)
FN:336,(anonymous_15)
FN:372,(anonymous_16)
FN:399,(anonymous_17)
FN:449,(anonymous_18)
FN:463,(anonymous_19)
FNF:20
FNH:0
FNDA:0,NewDailyTracking
FNDA:0,(anonymous_1)
FNDA:0,(anonymous_2)
FNDA:0,(anonymous_3)
FNDA:0,(anonymous_4)
FNDA:0,(anonymous_5)
FNDA:0,(anonymous_6)
FNDA:0,(anonymous_7)
FNDA:0,(anonymous_8)
FNDA:0,(anonymous_9)
FNDA:0,(anonymous_10)
FNDA:0,(anonymous_11)
FNDA:0,(anonymous_12)
FNDA:0,(anonymous_13)
FNDA:0,(anonymous_14)
FNDA:0,(anonymous_15)
FNDA:0,(anonymous_16)
FNDA:0,(anonymous_17)
FNDA:0,(anonymous_18)
FNDA:0,(anonymous_19)
DA:14,0
DA:25,0
DA:37,0
DA:38,0
DA:39,0
DA:40,0
DA:41,0
DA:42,0
DA:43,0
DA:44,0
DA:45,0
DA:46,0
DA:47,0
DA:48,0
DA:50,0
DA:51,0
DA:52,0
DA:53,0
DA:54,0
DA:55,0
DA:56,0
DA:57,0
DA:58,0
DA:59,0
DA:60,0
DA:61,0
DA:63,0
DA:66,0
DA:67,0
DA:70,0
DA:77,0
DA:78,0
DA:81,0
DA:82,0
DA:86,0
DA:87,0
DA:88,0
DA:89,0
DA:90,0
DA:91,0
DA:94,0
DA:100,0
DA:101,0
DA:104,0
DA:105,0
DA:109,0
DA:110,0
DA:111,0
DA:112,0
DA:116,0
DA:118,0
DA:119,0
DA:124,0
DA:130,0
DA:132,0
DA:137,0
DA:140,0
DA:141,0
DA:142,0
DA:143,0
DA:148,0
DA:151,0
DA:152,0
DA:153,0
DA:155,0
DA:158,0
DA:160,0
DA:161,0
DA:162,0
DA:163,0
DA:167,0
DA:169,0
DA:170,0
DA:171,0
DA:172,0
DA:176,0
DA:177,0
DA:178,0
DA:179,0
DA:180,0
DA:181,0
DA:182,0
DA:184,0
DA:185,0
DA:187,0
DA:190,0
DA:194,0
DA:197,0
DA:198,0
DA:199,0
DA:200,0
DA:201,0
DA:203,0
DA:204,0
DA:211,0
DA:214,0
DA:215,0
DA:217,0
DA:221,0
DA:222,0
DA:223,0
DA:224,0
DA:227,0
DA:228,0
DA:229,0
DA:237,0
DA:239,0
DA:240,0
DA:241,0
DA:242,0
DA:245,0
DA:248,0
DA:249,0
DA:251,0
DA:255,0
DA:256,0
DA:265,0
DA:268,0
DA:286,0
DA:293,0
DA:294,0
DA:336,0
DA:372,0
DA:400,0
DA:401,0
DA:402,0
DA:404,0
DA:450,0
DA:451,0
DA:452,0
DA:464,0
DA:465,0
DA:466,0
DA:467,0
DA:468,0
DA:469,0
DA:480,0
LF:137
LH:0
BRDA:52,0,0,0
BRDA:52,0,1,0
BRDA:58,1,0,0
BRDA:58,1,1,0
BRDA:77,2,0,0
BRDA:77,2,1,0
BRDA:88,3,0,0
BRDA:88,3,1,0
BRDA:100,4,0,0
BRDA:100,4,1,0
BRDA:110,5,0,0
BRDA:110,5,1,0
BRDA:118,6,0,0
BRDA:118,6,1,0
BRDA:130,7,0,0
BRDA:130,7,1,0
BRDA:134,8,0,0
BRDA:134,8,1,0
BRDA:137,9,0,0
BRDA:137,9,1,0
BRDA:140,10,0,0
BRDA:140,10,1,0
BRDA:140,11,0,0
BRDA:140,11,1,0
BRDA:160,12,0,0
BRDA:160,12,1,0
BRDA:169,13,0,0
BRDA:169,13,1,0
BRDA:176,14,0,0
BRDA:176,14,1,0
BRDA:180,15,0,0
BRDA:180,15,1,0
BRDA:181,16,0,0
BRDA:181,16,1,0
BRDA:184,17,0,0
BRDA:184,17,1,0
BRDA:195,18,0,0
BRDA:195,18,1,0
BRDA:199,19,0,0
BRDA:199,19,1,0
BRDA:200,20,0,0
BRDA:200,20,1,0
BRDA:203,21,0,0
BRDA:203,21,1,0
BRDA:222,22,0,0
BRDA:222,22,1,0
BRDA:232,23,0,0
BRDA:232,23,1,0
BRDA:239,24,0,0
BRDA:239,24,1,0
BRDA:245,25,0,0
BRDA:245,25,1,0
BRDA:290,26,0,0
BRDA:290,26,1,0
BRDA:299,27,0,0
BRDA:299,27,1,0
BRDA:367,28,0,0
BRDA:367,28,1,0
BRDA:396,29,0,0
BRDA:396,29,1,0
BRDA:401,30,0,0
BRDA:401,30,1,0
BRDA:413,31,0,0
BRDA:413,31,1,0
BRDA:428,32,0,0
BRDA:428,32,1,0
BRDA:428,32,2,0
BRDA:430,33,0,0
BRDA:430,33,1,0
BRDA:432,34,0,0
BRDA:432,34,1,0
BRDA:444,35,0,0
BRDA:444,35,1,0
BRDA:451,36,0,0
BRDA:451,36,1,0
BRDA:458,37,0,0
BRDA:458,37,1,0
BRDA:465,38,0,0
BRDA:465,38,1,0
BRF:79
BRH:0
end_of_record
TN:
SF:app\daily-tracking\[id]\edit.js
FN:32,EditDailyTracking
FN:45,(anonymous_1)
FN:49,(anonymous_2)
FN:55,(anonymous_3)
FN:72,(anonymous_4)
FN:95,(anonymous_5)
FN:109,(anonymous_6)
FN:131,(anonymous_7)
FN:143,(anonymous_8)
FN:150,(anonymous_9)
FN:192,(anonymous_10)
FN:237,(anonymous_11)
FNF:12
FNH:0
FNDA:0,EditDailyTracking
FNDA:0,(anonymous_1)
FNDA:0,(anonymous_2)
FNDA:0,(anonymous_3)
FNDA:0,(anonymous_4)
FNDA:0,(anonymous_5)
FNDA:0,(anonymous_6)
FNDA:0,(anonymous_7)
FNDA:0,(anonymous_8)
FNDA:0,(anonymous_9)
FNDA:0,(anonymous_10)
FNDA:0,(anonymous_11)
DA:10,0
DA:21,0
DA:33,0
DA:34,0
DA:35,0
DA:36,0
DA:37,0
DA:38,0
DA:39,0
DA:40,0
DA:41,0
DA:42,0
DA:43,0
DA:45,0
DA:46,0
DA:49,0
DA:50,0
DA:51,0
DA:53,0
DA:54,0
DA:55,0
DA:56,0
DA:59,0
DA:60,0
DA:61,0
DA:62,0
DA:63,0
DA:64,0
DA:66,0
DA:67,0
DA:68,0
DA:72,0
DA:73,0
DA:74,0
DA:75,0
DA:78,0
DA:79,0
DA:80,0
DA:89,0
DA:91,0
DA:93,0
DA:94,0
DA:95,0
DA:96,0
DA:99,0
DA:102,0
DA:103,0
DA:105,0
DA:109,0
DA:110,0
DA:119,0
DA:120,0
DA:128,0
DA:131,0
DA:144,0
DA:151,0
DA:152,0
DA:192,0
DA:238,0
DA:239,0
DA:240,0
DA:251,0
LF:62
LH:0
BRDA:53,0,0,0
BRDA:53,0,1,0
BRDA:61,1,0,0
BRDA:61,1,1,0
BRDA:63,2,0,0
BRDA:63,2,1,0
BRDA:73,3,0,0
BRDA:73,3,1,0
BRDA:83,4,0,0
BRDA:83,4,1,0
BRDA:93,5,0,0
BRDA:93,5,1,0
[...]
DA:275,0
DA:276,0
DA:279,0
DA:281,0
DA:282,0
DA:283,0
DA:286,0
DA:288,0
DA:289,0
DA:296,0
DA:297,0
DA:298,0
DA:299,0
DA:300,0
DA:303,0
DA:304,0
DA:305,0
DA:308,0
DA:311,0
DA:312,0
DA:313,0
DA:316,0
DA:317,0
DA:319,0
DA:321,0
DA:322,0
DA:329,0
DA:330,0
DA:331,0
DA:332,0
DA:333,0
DA:335,0
DA:336,0
DA:344,0
DA:345,0
LF:122
LH:0
BRDA:44,0,0,0
BRDA:44,0,1,0
BRDA:44,1,0,0
BRDA:44,1,1,0
BRDA:53,2,0,0
BRDA:53,2,1,0
BRDA:59,3,0,0
BRDA:59,3,1,0
BRDA:71,4,0,0
BRDA:71,4,1,0
BRDA:79,5,0,0
BRDA:79,5,1,0
BRDA:79,6,0,0
BRDA:79,6,1,0
BRDA:89,7,0,0
BRDA:89,7,1,0
BRDA:94,8,0,0
BRDA:94,8,1,0
BRDA:98,9,0,0
BRDA:98,9,1,0
BRDA:99,10,0,0
BRDA:99,10,1,0
BRDA:100,11,0,0
BRDA:100,11,1,0
BRDA:104,12,0,0
BRDA:104,12,1,0
BRDA:104,13,0,0
BRDA:104,13,1,0
BRDA:104,13,2,0
BRDA:105,14,0,0
BRDA:105,14,1,0
BRDA:106,15,0,0
BRDA:106,15,1,0
BRDA:106,16,0,0
BRDA:106,16,1,0
BRDA:106,16,2,0
BRDA:106,16,3,0
BRDA:122,17,0,0
BRDA:122,17,1,0
BRDA:131,18,0,0
BRDA:131,18,1,0
BRDA:141,19,0,0
BRDA:141,19,1,0
BRDA:141,19,2,0
BRDA:148,20,0,0
BRDA:148,20,1,0
BRDA:148,21,0,0
BRDA:148,21,1,0
BRDA:150,22,0,0
BRDA:150,22,1,0
BRDA:150,23,0,0
BRDA:150,23,1,0
BRDA:163,24,0,0
BRDA:163,24,1,0
BRDA:165,25,0,0
BRDA:165,25,1,0
BRDA:177,26,0,0
BRDA:177,26,1,0
BRDA:216,27,0,0
BRDA:216,27,1,0
BRDA:217,28,0,0
BRDA:217,28,1,0
BRDA:270,29,0,0
BRDA:270,29,1,0
BRDA:279,30,0,0
BRDA:279,30,1,0
BRDA:299,31,0,0
BRDA:299,31,1,0
BRDA:304,32,0,0
BRDA:304,32,1,0
BRF:70
BRH:0
end_of_record
TN:
SF:services\proLicenseGenerator.js
FN:25,(anonymous_0)
FN:66,(anonymous_1)
FN:160,(anonymous_2)
FNF:3
FNH:0
FNDA:0,(anonymous_0)
FNDA:0,(anonymous_1)
FNDA:0,(anonymous_2)
DA:12,0
DA:25,0
DA:27,0
DA:30,0
DA:36,0
DA:39,0
DA:40,0
DA:41,0
DA:44,0
DA:47,0
DA:48,0
DA:49,0
DA:54,0
DA:55,0
DA:57,0
DA:66,0
DA:67,0
DA:70,0
DA:73,0
DA:74,0
DA:81,0
DA:82,0
DA:83,0
DA:84,0
DA:85,0
DA:88,0
DA:94,0
DA:95,0
DA:96,0
DA:103,0
DA:104,0
DA:105,0
DA:106,0
DA:109,0
DA:113,0
DA:120,0
DA:127,0
DA:128,0
DA:129,0
DA:130,0
DA:133,0
DA:134,0
DA:138,0
DA:139,0
DA:147,0
DA:149,0
DA:160,0
DA:161,0
DA:162,0
DA:163,0
DA:165,0
LF:51
LH:0
BRDA:25,0,0,0
BRDA:25,1,0,0
BRDA:27,2,0,0
BRDA:27,2,1,0
BRDA:27,2,2,0
BRDA:36,3,0,0
BRDA:36,3,1,0
BRDA:41,4,0,0
BRDA:41,4,1,0
BRDA:66,5,0,0
BRDA:67,6,0,0
BRDA:67,6,1,0
BRDA:67,6,2,0
BRDA:73,7,0,0
BRDA:73,7,1,0
BRDA:73,8,0,0
BRDA:73,8,1,0
BRDA:95,9,0,0
BRDA:95,9,1,0
BRDA:109,10,0,0
BRDA:109,10,1,0
BRDA:134,11,0,0
BRDA:134,11,1,0
BRDA:134,12,0,0
BRDA:134,12,1,0
BRDA:134,12,2,0
BRDA:160,13,0,0
BRDA:160,14,0,0
BRF:28
BRH:0
end_of_record
TN:
SF:services\profileAuth.js
FN:9,(anonymous_0)
FN:22,(anonymous_1)
FN:34,(anonymous_2)
FN:39,(anonymous_3)
FN:45,(anonymous_4)
FN:51,(anonymous_5)
FN:66,(anonymous_6)
FN:73,(anonymous_7)
FN:100,(anonymous_8)
FN:108,(anonymous_9)
FNF:10
FNH:0
FNDA:0,(anonymous_0)
FNDA:0,(anonymous_1)
FNDA:0,(anonymous_2)
FNDA:0,(anonymous_3)
FNDA:0,(anonymous_4)
FNDA:0,(anonymous_5)
FNDA:0,(anonymous_6)
FNDA:0,(anonymous_7)
FNDA:0,(anonymous_8)
FNDA:0,(anonymous_9)
DA:8,0
DA:9,0
DA:10,0
DA:26,0
DA:29,0
DA:30,0
DA:31,0
DA:32,0
DA:34,0
DA:35,0
DA:36,0
DA:39,0
DA:40,0
DA:41,0
DA:42,0
DA:45,0
DA:46,0
DA:47,0
DA:48,0
DA:51,0
DA:52,0
DA:53,0
DA:54,0
DA:55,0
DA:56,0
DA:57,0
DA:61,0
DA:63,0
DA:66,0
DA:67,0
DA:68,0
DA:70,0
DA:73,0
DA:78,0
DA:79,0
DA:82,0
DA:83,0
DA:84,0
DA:85,0
DA:86,0
DA:87,0
DA:88,0
DA:89,0
DA:90,0
DA:93,0
DA:94,0
DA:95,0
DA:97,0
DA:100,0
DA:101,0
DA:102,0
DA:103,0
DA:105,0
DA:108,0
DA:110,0
DA:113,0
DA:115,0
DA:118,0
DA:120,0
DA:122,0
DA:126,0
DA:129,0
DA:131,0
DA:134,0
DA:136,0
DA:138,0
DA:142,0
DA:145,0
DA:147,0
DA:150,0
DA:152,0
DA:154,0
DA:158,0
DA:161,0
DA:167,0
DA:170,0
DA:171,0
DA:172,0
DA:174,0
LF:79
LH:0
BRDA:46,0,0,0
BRDA:46,0,1,0
BRDA:54,1,0,0
BRDA:54,1,1,0
BRDA:56,2,0,0
BRDA:56,2,1,0
BRDA:56,3,0,0
BRDA:56,3,1,0
BRDA:67,4,0,0
BRDA:67,4,1,0
BRDA:67,5,0,0
BRDA:67,5,1,0
BRDA:75,6,0,0
BRDA:78,7,0,0
BRDA:78,7,1,0
BRDA:83,8,0,0
BRDA:83,8,1,0
BRDA:87,9,0,0
BRDA:87,9,1,0
BRDA:89,10,0,0
BRDA:89,10,1,0
BRDA:89,11,0,0
BRDA:89,11,1,0
BRDA:94,12,0,0
BRDA:94,12,1,0
BRDA:94,13,0,0
BRDA:94,13,1,0
BRDA:102,14,0,0
BRDA:102,14,1,0
BRDA:118,15,0,0
BRDA:118,15,1,0
BRDA:134,16,0,0
BRDA:134,16,1,0
BRDA:150,17,0,0
BRDA:150,17,1,0
BRDA:170,18,0,0
BRDA:170,18,1,0
BRDA:174,19,0,0
BRDA:174,19,1,0
BRF:39
BRH:0
end_of_record
TN:
SF:services\profileService.js
FN:20,(anonymous_0)
FN:47,(anonymous_1)
FN:59,(anonymous_2)
FN:64,(anonymous_3)
FN:66,(anonymous_4)
FN:69,(anonymous_5)
FN:75,(anonymous_6)
FN:79,(anonymous_7)
FN:108,(anonymous_8)
FN:132,(anonymous_9)
FN:143,(anonymous_10)
FN:145,(anonymous_11)
FN:151,(anonymous_12)
FN:160,(anonymous_13)
FN:162,(anonymous_14)
FN:171,(anonymous_15)
FN:174,(anonymous_16)
FN:176,(anonymous_17)
FN:187,(anonymous_18)
FN:193,(anonymous_19)
FN:198,(anonymous_20)
FN:203,(anonymous_21)
FN:262,(anonymous_22)
FN:268,(anonymous_23)
FN:295,(anonymous_24)
FNF:25
FNH:0
FNDA:0,(anonymous_0)
FNDA:0,(anonymous_1)
FNDA:0,(anonymous_2)
FNDA:0,(anonymous_3)
FNDA:0,(anonymous_4)
FNDA:0,(anonymous_5)
FNDA:0,(anonymous_6)
FNDA:0,(anonymous_7)
FNDA:0,(anonymous_8)
FNDA:0,(anonymous_9)
FNDA:0,(anonymous_10)
FNDA:0,(anonymous_11)
FNDA:0,(anonymous_12)
FNDA:0,(anonymous_13)
FNDA:0,(anonymous_14)
FNDA:0,(anonymous_15)
FNDA:0,(anonymous_16)
FNDA:0,(anonymous_17)
FNDA:0,(anonymous_18)
FNDA:0,(anonymous_19)
FNDA:0,(anonymous_20)
FNDA:0,(anonymous_21)
FNDA:0,(anonymous_22)
FNDA:0,(anonymous_23)
FNDA:0,(anonymous_24)
DA:18,0
DA:20,0
DA:21,0
DA:24,0
DA:31,0
DA:32,0
DA:47,0
DA:48,0
DA:49,0
DA:50,0
DA:51,0
DA:52,0
DA:53,0
DA:59,0
DA:60,0
DA:61,0
DA:64,0
DA:65,0
DA:66,0
DA:69,0
DA:70,0
DA:71,0
DA:72,0
DA:75,0
DA:76,0
DA:79,0
DA:80,0
DA:81,0
DA:82,0
DA:83,0
DA:84,0
DA:85,0
DA:87,0
DA:90,0
DA:91,0
DA:100,0
DA:101,0
DA:102,0
DA:103,0
DA:104,0
DA:105,0
DA:108,0
DA:109,0
DA:110,0
DA:111,0
DA:113,0
DA:126,0
DA:127,0
DA:128,0
DA:129,0
DA:132,0
DA:133,0
DA:134,0
DA:135,0
DA:136,0
DA:137,0
DA:139,0
DA:143,0
DA:144,0
DA:145,0
DA:146,0
DA:148,0
DA:149,0
DA:150,0
DA:151,0
DA:152,0
DA:153,0
DA:154,0
DA:155,0
DA:156,0
DA:160,0
DA:161,0
DA:162,0
DA:163,0
DA:164,0
DA:170,0
DA:171,0
DA:174,0
DA:175,0
DA:176,0
DA:177,0
DA:178,0
DA:179,0
DA:180,0
DA:181,0
DA:182,0
DA:184,0
DA:187,0
DA:188,0
DA:189,0
DA:190,0
DA:193,0
DA:194,0
DA:195,0
DA:198,0
DA:199,0
DA:200,0
DA:203,0
DA:204,0
DA:205,0
DA:207,0
DA:208,0
DA:209,0
DA:212,0
DA:213,0
DA:215,0
DA:216,0
DA:218,0
DA:219,0
DA:220,0
DA:223,0
DA:224,0
DA:226,0
DA:227,0
DA:229,0
DA:230,0
DA:231,0
DA:234,0
DA:235,0
DA:237,0
DA:238,0
DA:239,0
DA:243,0
DA:244,0
DA:245,0
DA:246,0
DA:247,0
DA:249,0
DA:253,0
DA:254,0
DA:256,0
DA:257,0
DA:258,0
DA:262,0
DA:263,0
DA:264,0
DA:265,0
DA:266,0
DA:267,0
DA:268,0
DA:269,0
DA:270,0
DA:271,0
DA:272,0
DA:281,0
DA:295,0
DA:296,0
DA:297,0
DA:298,0
DA:299,0
LF:150
LH:0
BRDA:50,0,0,0
BRDA:50,0,1,0
BRDA:52,1,0,0
BRDA:52,1,1,0
BRDA:61,2,0,0
BRDA:61,2,1,0
BRDA:66,3,0,0
BRDA:66,3,1,0
BRDA:71,4,0,0
BRDA:71,4,1,0
BRDA:81,5,0,0
BRDA:81,5,1,0
BRDA:83,6,0,0
BRDA:83,6,1,0
BRDA:90,7,0,0
BRDA:90,7,1,0
BRDA:110,8,0,0
BRDA:110,8,1,0
BRDA:115,9,0,0
BRDA:115,9,1,0
BRDA:117,10,0,0
BRDA:117,10,1,0
BRDA:118,11,0,0
BRDA:118,11,1,0
BRDA:119,12,0,0
BRDA:119,12,1,0
BRDA:120,13,0,0
BRDA:120,13,1,0
BRDA:133,14,0,0
BRDA:133,14,1,0
BRDA:136,15,0,0
BRDA:136,15,1,0
BRDA:146,16,0,0
BRDA:146,16,1,0
BRDA:149,17,0,0
BRDA:149,17,1,0
BRDA:151,18,0,0
BRDA:151,18,1,0
BRDA:152,19,0,0
BRDA:152,19,1,0
BRDA:154,20,0,0
BRDA:154,20,1,0
BRDA:155,21,0,0
BRDA:155,21,1,0
BRDA:155,22,0,0
BRDA:155,22,1,0
BRDA:155,22,2,0
BRDA:156,23,0,0
BRDA:156,23,1,0
BRDA:156,23,2,0
BRDA:163,24,0,0
BRDA:163,24,1,0
BRDA:171,25,0,0
BRDA:171,25,1,0
BRDA:180,26,0,0
BRDA:180,26,1,0
BRDA:182,27,0,0
BRDA:182,27,1,0
BRDA:188,28,0,0
BRDA:188,28,1,0
BRDA:200,29,0,0
BRDA:200,29,1,0
BRDA:203,30,0,0
BRDA:203,31,0,0
BRDA:207,32,0,0
BRDA:207,32,1,0
BRDA:218,33,0,0
BRDA:218,33,1,0
BRDA:218,34,0,0
BRDA:218,34,1,0
BRDA:229,35,0,0
BRDA:229,35,1,0
BRDA:237,36,0,0
BRDA:237,36,1,0
BRDA:265,37,0,0
BRDA:265,37,1,0
BRDA:270,38,0,0
BRDA:270,38,1,0
BRDA:277,39,0,0
BRDA:277,39,1,0
BRDA:278,40,0,0
BRDA:278,40,1,0
BRDA:278,40,2,0
BRDA:286,41,0,0
BRDA:286,41,1,0
BRDA:287,42,0,0
BRDA:287,42,1,0
BRDA:288,43,0,0
BRDA:288,43,1,0
BRF:89
BRH:0
end_of_record
TN:
SF:services\profileStorageManager.js
FN:20,(anonymous_0)
FN:29,(anonymous_1)
FN:40,(anonymous_2)
FN:44,(anonymous_3)
FN:52,(anonymous_4)
FN:58,(anonymous_5)
FN:65,(anonymous_6)
FN:84,(anonymous_7)
FN:116,(anonymous_8)
FN:126,(anonymous_9)
FN:154,(anonymous_10)
FN:160,(anonymous_11)
FN:171,(anonymous_12)
FN:210,(anonymous_13)
FN:221,(anonymous_14)
FN:227,(anonymous_15)
FN:235,(anonymous_16)
FN:242,(anonymous_17)
FNF:18
FNH:0
FNDA:0,(anonymous_0)
FNDA:0,(anonymous_1)
FNDA:0,(anonymous_2)
FNDA:0,(anonymous_3)
FNDA:0,(anonymous_4)
FNDA:0,(anonymous_5)
FNDA:0,(anonymous_6)
FNDA:0,(anonymous_7)
FNDA:0,(anonymous_8)
FNDA:0,(anonymous_9)
FNDA:0,(anonymous_10)
FNDA:0,(anonymous_11)
FNDA:0,(anonymous_12)
FNDA:0,(anonymous_13)
FNDA:0,(anonymous_14)
FNDA:0,(anonymous_15)
FNDA:0,(anonymous_16)
FNDA:0,(anonymous_17)
DA:6,0
DA:7,0
DA:8,0
DA:10,0
DA:20,0
DA:21,0
DA:23,0
DA:29,0
DA:30,0
DA:31,0
DA:34,0
DA:35,0
DA:37,0
DA:40,0
DA:41,0
DA:44,0
DA:45,0
DA:46,0
DA:47,0
DA:49,0
DA:52,0
DA:53,0
DA:54,0
DA:55,0
DA:56,0
DA:57,0
DA:58,0
DA:59,0
DA:61,0
DA:65,0
DA:66,0
DA:67,0
DA:68,0
DA:72,0
DA:84,0
DA:85,0
DA:86,0
DA:88,0
DA:89,0
DA:91,0
DA:94,0
DA:95,0
DA:97,0
DA:98,0
DA:100,0
DA:101,0
DA:105,0
DA:108,0
DA:109,0
DA:113,0
DA:116,0
DA:117,0
DA:118,0
DA:120,0
DA:123,0
DA:124,0
DA:126,0
DA:127,0
DA:132,0
DA:133,0
DA:135,0
DA:139,0
DA:140,0
DA:141,0
DA:143,0
DA:146,0
DA:151,0
DA:154,0
DA:155,0
DA:156,0
DA:157,0
DA:160,0
DA:161,0
DA:162,0
DA:163,0
DA:164,0
DA:165,0
DA:167,0
DA:171,0
DA:172,0
DA:173,0
DA:176,0
DA:178,0
DA:179,0
DA:180,0
DA:181,0
DA:182,0
DA:183,0
DA:184,0
DA:185,0
DA:186,0
DA:188,0
DA:190,0
DA:192,0
DA:193,0
DA:201,0
DA:203,0
DA:204,0
DA:205,0
DA:207,0
DA:210,0
DA:211,0
DA:212,0
DA:213,0
DA:214,0
DA:215,0
DA:217,0
DA:221,0
DA:222,0
DA:223,0
DA:224,0
DA:227,0
DA:228,0
DA:229,0
DA:230,0
DA:231,0
DA:232,0
DA:235,0
DA:236,0
DA:237,0
DA:239,0
DA:240,0
DA:241,0
DA:242,0
DA:243,0
DA:244,0
DA:246,0
DA:247,0
DA:248,0
LF:129
LH:0
BRDA:21,0,0,0
BRDA:21,0,1,0
BRDA:30,1,0,0
BRDA:30,1,1,0
BRDA:30,2,0,0
BRDA:30,2,1,0
BRDA:45,3,0,0
BRDA:45,3,1,0
BRDA:53,4,0,0
BRDA:53,4,1,0
BRDA:55,5,0,0
BRDA:55,5,1,0
BRDA:59,6,0,0
BRDA:59,6,1,0
BRDA:67,7,0,0
BRDA:67,7,1,0
BRDA:84,8,0,0
BRDA:85,9,0,0
BRDA:85,9,1,0
BRDA:86,10,0,0
BRDA:86,10,1,0
BRDA:91,11,0,0
BRDA:91,11,1,0
BRDA:94,12,0,0
BRDA:94,12,1,0
BRDA:98,13,0,0
BRDA:98,13,1,0
BRDA:116,14,0,0
BRDA:117,15,0,0
BRDA:117,15,1,0
BRDA:118,16,0,0
BRDA:118,16,1,0
BRDA:118,17,0,0
BRDA:118,17,1,0
BRDA:123,18,0,0
BRDA:123,18,1,0
BRDA:133,19,0,0
BRDA:133,19,1,0
BRDA:154,20,0,0
BRDA:155,21,0,0
BRDA:155,21,1,0
BRDA:156,22,0,0
BRDA:156,22,1,0
BRDA:160,23,0,0
BRDA:161,24,0,0
BRDA:161,24,1,0
BRDA:162,25,0,0
BRDA:162,25,1,0
BRDA:162,26,0,0
BRDA:162,26,1,0
BRDA:164,27,0,0
BRDA:164,27,1,0
BRDA:171,28,0,0
BRDA:172,29,0,0
BRDA:172,29,1,0
BRDA:173,30,0,0
BRDA:173,30,1,0
BRDA:176,31,0,0
BRDA:176,31,1,0
BRDA:176,32,0,0
BRDA:176,32,1,0
BRDA:179,33,0,0
BRDA:179,33,1,0
BRDA:185,34,0,0
BRDA:185,34,1,0
BRDA:190,35,0,0
BRDA:190,35,1,0
BRDA:204,36,0,0
BRDA:204,36,1,0
BRDA:210,37,0,0
BRDA:211,38,0,0
BRDA:211,38,1,0
BRDA:212,39,0,0
BRDA:212,39,1,0
BRDA:214,40,0,0
BRDA:214,40,1,0
BRDA:227,41,0,0
BRDA:229,42,0,0
BRDA:229,42,1,0
BRDA:235,43,0,0
BRDA:236,44,0,0
BRDA:236,44,1,0
BRDA:237,45,0,0
BRDA:237,45,1,0
BRDA:243,46,0,0
BRDA:243,46,1,0
BRF:86
BRH:0
end_of_record
TN:
SF:services\profileSync.js
FN:6,(anonymous_0)
FN:10,(anonymous_1)
FN:19,(anonymous_2)
FN:24,(anonymous_3)
FNF:4
FNH:0
FNDA:0,(anonymous_0)
FNDA:0,(anonymous_1)
FNDA:0,(anonymous_2)
FNDA:0,(anonymous_3)
DA:3,0
DA:4,0
DA:6,0
DA:7,0
DA:8,0
DA:10,0
DA:11,0
DA:12,0
DA:14,0
DA:19,0
DA:20,0
DA:21,0
DA:24,0
DA:25,0
DA:26,0
DA:27,0
LF:16
LH:0
BRDA:7,0,0,0
BRDA:7,0,1,0
BRDA:20,1,0,0
BRDA:20,1,1,0
BRDA:25,2,0,0
BRDA:25,2,1,0
BRF:6
BRH:0
end_of_record
TN:
SF:services\sessionService.js
FN:3,(anonymous_0)
FN:10,(anonymous_1)
FN:18,(anonymous_2)
FN:25,(anonymous_3)
FN:30,(anonymous_4)
FN:39,(anonymous_5)
FN:48,(anonymous_6)
FNF:7
FNH:0
FNDA:0,(anonymous_0)
FNDA:0,(anonymous_1)
FNDA:0,(anonymous_2)
FNDA:0,(anonymous_3)
FNDA:0,(anonymous_4)
FNDA:0,(anonymous_5)
FNDA:0,(anonymous_6)
DA:3,0
DA:4,0
DA:7,0
DA:10,0
DA:11,0
DA:15,0
DA:18,0
DA:19,0
DA:22,0
DA:25,0
DA:26,0
DA:27,0
DA:30,0
DA:31,0
DA:36,0
DA:39,0
DA:40,0
DA:45,0
DA:48,0
DA:49,0
DA:52,0
LF:21
LH:0
BRDA:3,0,0,0
BRDA:3,1,0,0
BRDA:48,2,0,0
BRDA:48,3,0,0
BRDA:48,4,0,0
BRF:5
BRH:0
end_of_record
TN:
SF:services\sync.js
FN:18,(anonymous_0)
FN:32,(anonymous_1)
FN:112,(anonymous_2)
FN:261,(anonymous_3)
FN:272,(anonymous_4)
FN:302,(anonymous_5)
FN:335,(anonymous_6)
FN:359,(anonymous_7)
FN:399,(anonymous_8)
FNF:9
FNH:0
FNDA:0,(anonymous_0)
FNDA:0,(anonymous_1)
FNDA:0,(anonymous_2)
FNDA:0,(anonymous_3)
FNDA:0,(anonymous_4)
FNDA:0,(anonymous_5)
FNDA:0,(anonymous_6)
FNDA:0,(anonymous_7)
FNDA:0,(anonymous_8)
DA:6,0
DA:18,0
DA:19,0
DA:20,0
DA:21,0
DA:23,0
DA:24,0
DA:32,0
DA:33,0
DA:35,0
DA:36,0
DA:37,0
DA:38,0
DA:41,0
DA:42,0
DA:43,0
DA:44,0
DA:48,0
DA:49,0
DA:50,0
DA:51,0
DA:54,0
DA:58,0
DA:59,0
DA:60,0
DA:61,0
DA:64,0
DA:68,0
DA:69,0
DA:70,0
DA:71,0
DA:74,0
DA:78,0
DA:79,0
DA:80,0
DA:81,0
DA:84,0
DA:88,0
DA:89,0
DA:90,0
DA:91,0
DA:94,0
DA:98,0
DA:100,0
DA:101,0
DA:103,0
DA:104,0
DA:112,0
DA:113,0
DA:115,0
DA:116,0
DA:117,0
DA:118,0
DA:123,0
DA:124,0
DA:125,0
DA:126,0
DA:129,0
DA:130,0
DA:131,0
DA:132,0
DA:136,0
DA:137,0
DA:138,0
DA:139,0
DA:142,0
DA:143,0
DA:144,0
DA:146,0
DA:149,0
DA:152,0
DA:157,0
DA:161,0
DA:162,0
DA:163,0
DA:164,0
DA:165,0
DA:166,0
DA:167,0
DA:169,0
DA:172,0
DA:177,0
DA:181,0
DA:182,0
DA:183,0
DA:184,0
DA:185,0
DA:186,0
DA:187,0
DA:188,0
DA:190,0
DA:193,0
DA:198,0
DA:202,0
DA:203,0
DA:204,0
DA:205,0
DA:206,0
DA:207,0
DA:208,0
DA:209,0
DA:211,0
DA:214,0
DA:219,0
DA:223,0
DA:224,0
DA:225,0
DA:226,0
DA:227,0
DA:228,0
DA:231,0
DA:234,0
DA:235,0
DA:236,0
DA:238,0
DA:239,0
DA:240,0
DA:241,0
DA:242,0
DA:244,0
DA:247,0
DA:248,0
DA:252,0
DA:258,0
DA:259,0
DA:261,0
DA:262,0
DA:264,0
DA:266,0
DA:268,0
DA:269,0
DA:270,0
DA:272,0
DA:273,0
DA:275,0
DA:278,0
DA:282,0
DA:287,0
DA:290,0
DA:291,0
DA:293,0
DA:294,0
DA:302,0
DA:304,0
DA:305,0
DA:306,0
DA:307,0
DA:311,0
DA:312,0
DA:313,0
DA:316,0
DA:317,0
DA:320,0
DA:323,0
DA:326,0
DA:328,0
DA:329,0
DA:335,0
DA:336,0
DA:337,0
DA:338,0
DA:339,0
DA:342,0
DA:343,0
DA:344,0
DA:347,0
DA:348,0
DA:350,0
DA:352,0
DA:354,0
DA:355,0
DA:356,0
DA:357,0
DA:359,0
DA:360,0
DA:361,0
DA:362,0
DA:366,0
DA:370,0
DA:372,0
DA:373,0
DA:374,0
DA:376,0
DA:377,0
DA:378,0
DA:379,0
DA:380,0
DA:382,0
DA:385,0
DA:386,0
DA:390,0
DA:396,0
DA:397,0
DA:399,0
DA:400,0
DA:403,0
DA:404,0
DA:405,0
DA:409,0
DA:415,0
DA:416,0
DA:417,0
DA:420,0
DA:422,0
DA:423,0
LF:205
LH:0
BRDA:36,0,0,0
BRDA:36,0,1,0
BRDA:42,1,0,0
BRDA:42,1,1,0
BRDA:50,2,0,0
BRDA:50,2,1,0
BRDA:60,3,0,0
BRDA:60,3,1,0
BRDA:70,4,0,0
BRDA:70,4,1,0
BRDA:80,5,0,0
BRDA:80,5,1,0
BRDA:90,6,0,0
BRDA:90,6,1,0
BRDA:116,7,0,0
BRDA:116,7,1,0
BRDA:124,8,0,0
BRDA:124,8,1,0
BRDA:130,9,0,0
BRDA:130,9,1,0
BRDA:138,10,0,0
BRDA:138,10,1,0
BRDA:144,11,0,0
BRDA:144,11,1,0
BRDA:144,12,0,0
BRDA:144,12,1,0
BRDA:163,13,0,0
BRDA:163,13,1,0
BRDA:167,14,0,0
BRDA:167,14,1,0
BRDA:167,15,0,0
BRDA:167,15,1,0
BRDA:183,16,0,0
BRDA:183,16,1,0
BRDA:187,17,0,0
BRDA:187,17,1,0
BRDA:187,18,0,0
BRDA:187,18,1,0
BRDA:204,19,0,0
BRDA:204,19,1,0
BRDA:208,20,0,0
BRDA:208,20,1,0
BRDA:208,21,0,0
BRDA:208,21,1,0
BRDA:225,22,0,0
BRDA:225,22,1,0
BRDA:231,23,0,0
BRDA:231,23,1,0
BRDA:231,24,0,0
BRDA:231,24,1,0
BRDA:231,24,2,0
BRDA:231,24,3,0
BRDA:234,25,0,0
BRDA:234,25,1,0
BRDA:235,26,0,0
BRDA:235,26,1,0
BRDA:238,27,0,0
BRDA:238,27,1,0
BRDA:238,28,0,0
BRDA:238,28,1,0
BRDA:240,29,0,0
BRDA:240,29,1,0
BRDA:242,30,0,0
BRDA:242,30,1,0
BRDA:242,31,0,0
BRDA:242,31,1,0
BRDA:254,32,0,0
BRDA:254,32,1,0
BRDA:256,33,0,0
BRDA:256,33,1,0
BRDA:259,34,0,0
BRDA:259,34,1,0
BRDA:262,35,0,0
BRDA:262,35,1,0
BRDA:266,36,0,0
BRDA:266,36,1,0
BRDA:266,37,0,0
BRDA:266,37,1,0
BRDA:270,38,0,0
BRDA:270,38,1,0
BRDA:273,39,0,0
BRDA:273,39,1,0
BRDA:305,40,0,0
BRDA:305,40,1,0
BRDA:312,41,0,0
BRDA:312,41,1,0
BRDA:338,42,0,0
BRDA:338,42,1,0
BRDA:343,43,0,0
BRDA:343,43,1,0
BRDA:352,44,0,0
BRDA:352,44,1,0
BRDA:352,45,0,0
BRDA:352,45,1,0
BRDA:354,46,0,0
BRDA:354,46,1,0
BRDA:354,47,0,0
BRDA:354,47,1,0
BRDA:354,47,2,0
BRDA:357,48,0,0
BRDA:357,48,1,0
BRDA:357,49,0,0
BRDA:357,49,1,0
BRDA:360,50,0,0
BRDA:360,50,1,0
BRDA:372,51,0,0
BRDA:372,51,1,0
BRDA:373,52,0,0
BRDA:373,52,1,0
BRDA:376,53,0,0
BRDA:376,53,1,0
BRDA:376,54,0,0
BRDA:376,54,1,0
BRDA:378,55,0,0
BRDA:378,55,1,0
BRDA:380,56,0,0
BRDA:380,56,1,0
BRDA:380,57,0,0
BRDA:380,57,1,0
BRDA:392,58,0,0
BRDA:392,58,1,0
BRDA:394,59,0,0
BRDA:394,59,1,0
BRDA:397,60,0,0
BRDA:397,60,1,0
BRDA:400,61,0,0
BRDA:400,61,1,0
BRDA:400,61,2,0
BRDA:403,62,0,0
BRDA:403,62,1,0
BRDA:415,63,0,0
BRDA:415,63,1,0
BRF:132
BRH:0
end_of_record
TN:
SF:services\themeService.js
FN:12,(anonymous_0)
FN:25,(anonymous_1)
FN:41,(anonymous_2)
FNF:3
FNH:0
FNDA:0,(anonymous_0)
FNDA:0,(anonymous_1)
FNDA:0,(anonymous_2)
DA:3,1
DA:4,1
DA:12,1
DA:13,0
DA:14,0
DA:15,0
DA:17,0
DA:18,0
DA:25,1
DA:26,0
DA:27,0
DA:28,0
DA:30,0
DA:31,0
DA:33,0
DA:34,0
DA:41,1
DA:42,0
DA:43,0
LF:19
LH:5
BRDA:15,0,0,0
BRDA:15,0,1,0
BRDA:27,1,0,0
BRDA:27,1,1,0
BRDA:27,2,0,0
BRDA:27,2,1,0
BRF:6
BRH:0
end_of_record
TN:
SF:services\tokenManager.js
FN:6,(anonymous_0)
FN:10,(anonymous_1)
FN:20,(anonymous_2)
FN:27,(anonymous_3)
FNF:4
FNH:0
FNDA:0,(anonymous_0)
FNDA:0,(anonymous_1)
FNDA:0,(anonymous_2)
FNDA:0,(anonymous_3)
DA:3,0
DA:4,0
DA:6,0
DA:7,0
DA:8,0
DA:10,0
DA:11,0
DA:12,0
DA:13,0
DA:15,0
DA:20,0
DA:21,0
DA:22,0
DA:24,0
DA:27,0
DA:28,0
DA:29,0
DA:30,0
LF:18
LH:0
BRDA:7,0,0,0
BRDA:7,0,1,0
BRDA:12,1,0,0
BRDA:12,1,1,0
BRDA:21,2,0,0
BRDA:21,2,1,0
BRDA:28,3,0,0
BRDA:28,3,1,0
BRF:8
BRH:0
end_of_record
TN:
SF:services\voiceDictation.js
FN:7,(anonymous_0)
FN:20,(anonymous_1)
FN:27,(anonymous_2)
FN:46,(anonymous_3)
FN:84,(anonymous_4)
FN:96,(anonymous_5)
FN:108,(anonymous_6)
FN:120,(anonymous_7)
FN:132,(anonymous_8)
FN:152,(anonymous_9)
FN:225,(anonymous_10)
FN:282,(anonymous_11)
FN:290,(anonymous_12)
FNF:13
FNH:0
FNDA:0,(anonymous_0)
FNDA:0,(anonymous_1)
FNDA:0,(anonymous_2)
FNDA:0,(anonymous_3)
FNDA:0,(anonymous_4)
FNDA:0,(anonymous_5)
FNDA:0,(anonymous_6)
FNDA:0,(anonymous_7)
FNDA:0,(anonymous_8)
FNDA:0,(anonymous_9)
FNDA:0,(anonymous_10)
FNDA:0,(anonymous_11)
FNDA:0,(anonymous_12)
DA:6,0
DA:7,0
DA:8,0
DA:24,0
DA:27,0
DA:29,0
DA:32,0
DA:34,0
DA:36,0
DA:40,0
DA:43,0
DA:46,0
DA:54,0
DA:57,0
DA:58,0
DA:60,0
DA:63,0
DA:65,0
DA:67,0
DA:68,0
DA:70,0
DA:73,0
DA:75,0
DA:77,0
DA:80,0
DA:82,0
DA:84,0
DA:86,0
DA:88,0
DA:89,0
DA:92,0
DA:94,0
DA:96,0
DA:98,0
DA:100,0
DA:101,0
DA:104,0
DA:106,0
DA:108,0
DA:110,0
DA:112,0
DA:113,0
DA:116,0
DA:118,0
DA:120,0
DA:122,0
DA:124,0
DA:125,0
DA:128,0
DA:130,0
DA:132,0
DA:134,0
DA:136,0
DA:137,0
DA:141,0
DA:143,0
DA:146,0
DA:148,0
DA:152,0
DA:154,0
DA:157,0
DA:158,0
DA:160,0
DA:163,0
DA:175,0
DA:178,0
DA:179,0
DA:180,0
DA:182,0
DA:183,0
DA:187,0
DA:189,0
DA:190,0
DA:192,0
DA:193,0
DA:195,0
DA:198,0
DA:201,0
DA:204,0
DA:205,0
DA:206,0
DA:208,0
DA:209,0
DA:213,0
DA:215,0
DA:216,0
DA:220,0
DA:222,0
DA:225,0
DA:227,0
DA:230,0
DA:231,0
DA:233,0
DA:236,0
DA:238,0
DA:240,0
DA:241,0
DA:246,0
DA:249,0
DA:251,0
DA:254,0
DA:256,0
DA:258,0
DA:262,0
DA:265,0
DA:266,0
DA:269,0
DA:272,0
DA:275,0
DA:277,0
DA:278,0
DA:282,0
DA:283,0
DA:284,0
DA:285,0
DA:287,0
DA:290,0
DA:291,0
DA:292,0
DA:293,0
DA:295,0
DA:296,0
DA:297,0
DA:302,0
DA:303,0
DA:304,0
LF:126
LH:0
BRDA:32,0,0,0
BRDA:32,0,1,0
BRDA:46,1,0,0
BRDA:63,2,0,0
BRDA:63,2,1,0
BRDA:73,3,0,0
BRDA:73,3,1,0
BRDA:80,4,0,0
BRDA:80,4,1,0
BRDA:92,5,0,0
BRDA:92,5,1,0
BRDA:104,6,0,0
BRDA:104,6,1,0
BRDA:116,7,0,0
BRDA:116,7,1,0
BRDA:128,8,0,0
BRDA:128,8,1,0
BRDA:157,9,0,0
BRDA:157,9,1,0
BRDA:178,10,0,0
BRDA:178,10,1,0
BRDA:192,11,0,0
BRDA:192,11,1,0
BRDA:204,12,0,0
BRDA:204,12,1,0
BRDA:225,13,0,0
BRDA:236,14,0,0
BRDA:236,14,1,0
BRDA:254,15,0,0
BRDA:254,15,1,0
BRDA:284,16,0,0
BRDA:284,16,1,0
BRDA:292,17,0,0
BRDA:292,17,1,0
BRDA:295,18,0,0
BRDA:295,18,1,0
BRDA:302,19,0,0
BRDA:302,19,1,0
BRF:38
BRH:0
end_of_record
